[ 2017-10-23T10:54:58+08:00 ] 127.0.0.1 /
INFO: [ app_init ] --START--
INFO: Run Behavior\BuildLiteBehavior [ RunTime:0.000020s ]
INFO: [ app_init ] --END-- [ RunTime:0.000725s ]
INFO: [ app_begin ] --START--
INFO: Run Behavior\ReadHtmlCacheBehavior [ RunTime:0.000535s ]
INFO: [ app_begin ] --END-- [ RunTime:0.000612s ]
SQL: SHOW COLUMNS FROM `tpt_navtop` [ RunTime:0.0623s ]
SQL: SELECT * FROM `tpt_navtop` WHERE ( tid = 0 ) ORDER BY sort ASC  [ RunTime:0.0614s ]
SQL: SELECT * FROM `tpt_navtop` WHERE ( tid != 0 ) ORDER BY sort ASC  [ RunTime:0.0633s ]
SQL: SHOW COLUMNS FROM `tpt_article` [ RunTime:0.0749s ]
SQL: SELECT * FROM `tpt_article` WHERE `commend` = 1 AND `open` = 1 ORDER BY id DESC LIMIT 3   [ RunTime:0.0749s ]
SQL: SELECT * FROM `tpt_article` WHERE `choice` = 1 AND `open` = 1 ORDER BY id DESC LIMIT 5   [ RunTime:0.1449s ]
SQL: SHOW COLUMNS FROM `tpt_links` [ RunTime:0.0617s ]
SQL: SELECT * FROM `tpt_links`  [ RunTime:0.0612s ]
SQL: SHOW COLUMNS FROM `tpt_conf` [ RunTime:0.0619s ]
SQL: SELECT * FROM `tpt_conf` WHERE `id` = 1 LIMIT 1   [ RunTime:0.0619s ]
SQL: SHOW COLUMNS FROM `tpt_banner` [ RunTime:0.0619s ]
SQL: SELECT * FROM `tpt_banner` WHERE `id` = 1 LIMIT 1   [ RunTime:0.0615s ]
SQL: SHOW COLUMNS FROM `tpt_article` [ RunTime:0.0632s ]
SQL: SHOW COLUMNS FROM `tpt_category` [ RunTime:0.0619s ]
SQL: SELECT COUNT(*) AS tp_count FROM tpt_article article LEFT JOIN tpt_category category ON article.tid=category.id LIMIT 1   [ RunTime:0.0611s ]
SQL: SELECT article.id AS id,article.title AS title,article.author AS author,article.view AS view,article.description AS description,article.keywords AS keywords,article.pic AS pic,article.commend AS commend,article.choice AS choice,article.time AS time,article.open AS open,category.name AS name,category.type AS type FROM tpt_article article LEFT JOIN tpt_category category ON article.tid=category.id WHERE article.open = 1 ORDER BY article.commend DESC,article.time DESC LIMIT 0,15   [ RunTime:0.0623s ]
INFO: [ view_parse ] --START--
INFO: [ template_filter ] --START--
INFO: Run Behavior\ContentReplaceBehavior [ RunTime:0.000486s ]
INFO: [ template_filter ] --END-- [ RunTime:0.000728s ]
NOTIC: [8] Undefined index: title D:\phpStudy\WWW\tpBlog\Runtime\Cache\Home\aa448f930e00a2c77d5751c6f186e91a.php 第 25 行.
NOTIC: [8] Use of undefined constant commend - assumed 'commend' D:\phpStudy\WWW\tpBlog\Runtime\Cache\Home\aa448f930e00a2c77d5751c6f186e91a.php 第 93 行.
NOTIC: [8] Use of undefined constant pic - assumed 'pic' D:\phpStudy\WWW\tpBlog\Runtime\Cache\Home\aa448f930e00a2c77d5751c6f186e91a.php 第 98 行.
NOTIC: [8] Use of undefined constant commend - assumed 'commend' D:\phpStudy\WWW\tpBlog\Runtime\Cache\Home\aa448f930e00a2c77d5751c6f186e91a.php 第 93 行.
NOTIC: [8] Use of undefined constant pic - assumed 'pic' D:\phpStudy\WWW\tpBlog\Runtime\Cache\Home\aa448f930e00a2c77d5751c6f186e91a.php 第 98 行.
NOTIC: [8] Use of undefined constant commend - assumed 'commend' D:\phpStudy\WWW\tpBlog\Runtime\Cache\Home\aa448f930e00a2c77d5751c6f186e91a.php 第 93 行.
NOTIC: [8] Use of undefined constant pic - assumed 'pic' D:\phpStudy\WWW\tpBlog\Runtime\Cache\Home\aa448f930e00a2c77d5751c6f186e91a.php 第 98 行.
NOTIC: [8] Use of undefined constant pic - assumed 'pic' D:\phpStudy\WWW\tpBlog\Runtime\Cache\Home\aa448f930e00a2c77d5751c6f186e91a.php 第 147 行.
NOTIC: [8] Use of undefined constant pic - assumed 'pic' D:\phpStudy\WWW\tpBlog\Runtime\Cache\Home\aa448f930e00a2c77d5751c6f186e91a.php 第 147 行.
NOTIC: [8] Use of undefined constant pic - assumed 'pic' D:\phpStudy\WWW\tpBlog\Runtime\Cache\Home\aa448f930e00a2c77d5751c6f186e91a.php 第 147 行.
INFO: Run Behavior\ParseTemplateBehavior [ RunTime:0.035152s ]
INFO: [ view_parse ] --END-- [ RunTime:0.035258s ]
INFO: [ view_filter ] --START--
INFO: Run Behavior\WriteHtmlCacheBehavior [ RunTime:0.000493s ]
INFO: [ view_filter ] --END-- [ RunTime:0.000531s ]
INFO: [ app_end ] --START--
INFO: Run Behavior\ShowPageTraceBehavior [ RunTime:0.000653s ]
INFO: [ app_end ] --END-- [ RunTime:0.000699s ]

[ 2017-10-23T10:55:14+08:00 ] 127.0.0.1 /
INFO: [ app_init ] --START--
INFO: Run Behavior\BuildLiteBehavior [ RunTime:0.000011s ]
INFO: [ app_init ] --END-- [ RunTime:0.000400s ]
INFO: [ app_begin ] --START--
INFO: Run Behavior\ReadHtmlCacheBehavior [ RunTime:0.000608s ]
INFO: [ app_begin ] --END-- [ RunTime:0.000659s ]
SQL: SHOW COLUMNS FROM `tpt_navtop` [ RunTime:0.0650s ]
SQL: SELECT * FROM `tpt_navtop` WHERE ( tid = 0 ) ORDER BY sort ASC  [ RunTime:0.0622s ]
SQL: SELECT * FROM `tpt_navtop` WHERE ( tid != 0 ) ORDER BY sort ASC  [ RunTime:0.0623s ]
SQL: SHOW COLUMNS FROM `tpt_article` [ RunTime:0.0628s ]
SQL: SELECT * FROM `tpt_article` WHERE `commend` = 1 AND `open` = 1 ORDER BY id DESC LIMIT 3   [ RunTime:0.0637s ]
SQL: SELECT * FROM `tpt_article` WHERE `choice` = 1 AND `open` = 1 ORDER BY id DESC LIMIT 5   [ RunTime:0.1254s ]
SQL: SHOW COLUMNS FROM `tpt_links` [ RunTime:0.0626s ]
SQL: SELECT * FROM `tpt_links`  [ RunTime:0.0626s ]
SQL: SHOW COLUMNS FROM `tpt_conf` [ RunTime:0.0625s ]
SQL: SELECT * FROM `tpt_conf` WHERE `id` = 1 LIMIT 1   [ RunTime:0.0622s ]
SQL: SHOW COLUMNS FROM `tpt_banner` [ RunTime:0.0626s ]
SQL: SELECT * FROM `tpt_banner` WHERE `id` = 1 LIMIT 1   [ RunTime:0.0680s ]
SQL: SHOW COLUMNS FROM `tpt_article` [ RunTime:0.0670s ]
SQL: SHOW COLUMNS FROM `tpt_category` [ RunTime:0.0684s ]
SQL: SELECT COUNT(*) AS tp_count FROM tpt_article article LEFT JOIN tpt_category category ON article.tid=category.id LIMIT 1   [ RunTime:0.0629s ]
SQL: SELECT article.id AS id,article.title AS title,article.author AS author,article.view AS view,article.description AS description,article.keywords AS keywords,article.pic AS pic,article.commend AS commend,article.choice AS choice,article.time AS time,article.open AS open,category.name AS name,category.type AS type FROM tpt_article article LEFT JOIN tpt_category category ON article.tid=category.id WHERE article.open = 1 ORDER BY article.commend DESC,article.time DESC LIMIT 0,15   [ RunTime:0.0729s ]
INFO: [ view_parse ] --START--
INFO: [ template_filter ] --START--
INFO: Run Behavior\ContentReplaceBehavior [ RunTime:0.000088s ]
INFO: [ template_filter ] --END-- [ RunTime:0.000134s ]
NOTIC: [8] Undefined index: title D:\phpStudy\WWW\tpBlog\Runtime\Cache\Home\aa448f930e00a2c77d5751c6f186e91a.php 第 25 行.
NOTIC: [8] Use of undefined constant commend - assumed 'commend' D:\phpStudy\WWW\tpBlog\Runtime\Cache\Home\aa448f930e00a2c77d5751c6f186e91a.php 第 93 行.
NOTIC: [8] Use of undefined constant pic - assumed 'pic' D:\phpStudy\WWW\tpBlog\Runtime\Cache\Home\aa448f930e00a2c77d5751c6f186e91a.php 第 98 行.
NOTIC: [8] Use of undefined constant commend - assumed 'commend' D:\phpStudy\WWW\tpBlog\Runtime\Cache\Home\aa448f930e00a2c77d5751c6f186e91a.php 第 93 行.
NOTIC: [8] Use of undefined constant pic - assumed 'pic' D:\phpStudy\WWW\tpBlog\Runtime\Cache\Home\aa448f930e00a2c77d5751c6f186e91a.php 第 98 行.
NOTIC: [8] Use of undefined constant commend - assumed 'commend' D:\phpStudy\WWW\tpBlog\Runtime\Cache\Home\aa448f930e00a2c77d5751c6f186e91a.php 第 93 行.
NOTIC: [8] Use of undefined constant pic - assumed 'pic' D:\phpStudy\WWW\tpBlog\Runtime\Cache\Home\aa448f930e00a2c77d5751c6f186e91a.php 第 98 行.
NOTIC: [8] Use of undefined constant pic - assumed 'pic' D:\phpStudy\WWW\tpBlog\Runtime\Cache\Home\aa448f930e00a2c77d5751c6f186e91a.php 第 147 行.
NOTIC: [8] Use of undefined constant pic - assumed 'pic' D:\phpStudy\WWW\tpBlog\Runtime\Cache\Home\aa448f930e00a2c77d5751c6f186e91a.php 第 147 行.
NOTIC: [8] Use of undefined constant pic - assumed 'pic' D:\phpStudy\WWW\tpBlog\Runtime\Cache\Home\aa448f930e00a2c77d5751c6f186e91a.php 第 147 行.
INFO: Run Behavior\ParseTemplateBehavior [ RunTime:0.015114s ]
INFO: [ view_parse ] --END-- [ RunTime:0.015161s ]
INFO: [ view_filter ] --START--
INFO: Run Behavior\WriteHtmlCacheBehavior [ RunTime:0.000722s ]
INFO: [ view_filter ] --END-- [ RunTime:0.000763s ]
INFO: [ app_end ] --START--
INFO: Run Behavior\ShowPageTraceBehavior [ RunTime:0.000936s ]
INFO: [ app_end ] --END-- [ RunTime:0.000999s ]

[ 2017-10-23T10:55:22+08:00 ] 127.0.0.1 /index.php
INFO: [ app_init ] --START--
INFO: Run Behavior\BuildLiteBehavior [ RunTime:0.000013s ]
INFO: [ app_init ] --END-- [ RunTime:0.000678s ]
INFO: [ app_begin ] --START--
INFO: Run Behavior\ReadHtmlCacheBehavior [ RunTime:0.000661s ]
INFO: [ app_begin ] --END-- [ RunTime:0.000735s ]
SQL: SHOW COLUMNS FROM `tpt_navtop` [ RunTime:0.0758s ]
SQL: SELECT * FROM `tpt_navtop` WHERE ( tid = 0 ) ORDER BY sort ASC  [ RunTime:0.0946s ]
SQL: SELECT * FROM `tpt_navtop` WHERE ( tid != 0 ) ORDER BY sort ASC  [ RunTime:0.0622s ]
SQL: SHOW COLUMNS FROM `tpt_article` [ RunTime:0.0622s ]
SQL: SELECT * FROM `tpt_article` WHERE `commend` = 1 AND `open` = 1 ORDER BY id DESC LIMIT 3   [ RunTime:0.0629s ]
SQL: SELECT * FROM `tpt_article` WHERE `choice` = 1 AND `open` = 1 ORDER BY id DESC LIMIT 5   [ RunTime:0.1266s ]
SQL: SHOW COLUMNS FROM `tpt_links` [ RunTime:0.0625s ]
SQL: SELECT * FROM `tpt_links`  [ RunTime:0.0612s ]
SQL: SHOW COLUMNS FROM `tpt_conf` [ RunTime:0.0628s ]
SQL: SELECT * FROM `tpt_conf` WHERE `id` = 1 LIMIT 1   [ RunTime:0.0665s ]
SQL: SHOW COLUMNS FROM `tpt_banner` [ RunTime:0.0616s ]
SQL: SELECT * FROM `tpt_banner` WHERE `id` = 1 LIMIT 1   [ RunTime:0.0615s ]
SQL: SHOW COLUMNS FROM `tpt_article` [ RunTime:0.0619s ]
SQL: SHOW COLUMNS FROM `tpt_category` [ RunTime:0.0616s ]
SQL: SELECT COUNT(*) AS tp_count FROM tpt_article article LEFT JOIN tpt_category category ON article.tid=category.id LIMIT 1   [ RunTime:0.0616s ]
SQL: SELECT article.id AS id,article.title AS title,article.author AS author,article.view AS view,article.description AS description,article.keywords AS keywords,article.pic AS pic,article.commend AS commend,article.choice AS choice,article.time AS time,article.open AS open,category.name AS name,category.type AS type FROM tpt_article article LEFT JOIN tpt_category category ON article.tid=category.id WHERE article.open = 1 ORDER BY article.commend DESC,article.time DESC LIMIT 0,15   [ RunTime:0.0625s ]
INFO: [ view_parse ] --START--
INFO: [ template_filter ] --START--
INFO: Run Behavior\ContentReplaceBehavior [ RunTime:0.000101s ]
INFO: [ template_filter ] --END-- [ RunTime:0.000149s ]
NOTIC: [8] Undefined index: title D:\phpStudy\WWW\tpBlog\Runtime\Cache\Home\aa448f930e00a2c77d5751c6f186e91a.php 第 25 行.
NOTIC: [8] Use of undefined constant commend - assumed 'commend' D:\phpStudy\WWW\tpBlog\Runtime\Cache\Home\aa448f930e00a2c77d5751c6f186e91a.php 第 93 行.
NOTIC: [8] Use of undefined constant pic - assumed 'pic' D:\phpStudy\WWW\tpBlog\Runtime\Cache\Home\aa448f930e00a2c77d5751c6f186e91a.php 第 98 行.
NOTIC: [8] Use of undefined constant commend - assumed 'commend' D:\phpStudy\WWW\tpBlog\Runtime\Cache\Home\aa448f930e00a2c77d5751c6f186e91a.php 第 93 行.
NOTIC: [8] Use of undefined constant pic - assumed 'pic' D:\phpStudy\WWW\tpBlog\Runtime\Cache\Home\aa448f930e00a2c77d5751c6f186e91a.php 第 98 行.
NOTIC: [8] Use of undefined constant commend - assumed 'commend' D:\phpStudy\WWW\tpBlog\Runtime\Cache\Home\aa448f930e00a2c77d5751c6f186e91a.php 第 93 行.
NOTIC: [8] Use of undefined constant pic - assumed 'pic' D:\phpStudy\WWW\tpBlog\Runtime\Cache\Home\aa448f930e00a2c77d5751c6f186e91a.php 第 98 行.
NOTIC: [8] Use of undefined constant pic - assumed 'pic' D:\phpStudy\WWW\tpBlog\Runtime\Cache\Home\aa448f930e00a2c77d5751c6f186e91a.php 第 147 行.
NOTIC: [8] Use of undefined constant pic - assumed 'pic' D:\phpStudy\WWW\tpBlog\Runtime\Cache\Home\aa448f930e00a2c77d5751c6f186e91a.php 第 147 行.
NOTIC: [8] Use of undefined constant pic - assumed 'pic' D:\phpStudy\WWW\tpBlog\Runtime\Cache\Home\aa448f930e00a2c77d5751c6f186e91a.php 第 147 行.
INFO: Run Behavior\ParseTemplateBehavior [ RunTime:0.014758s ]
INFO: [ view_parse ] --END-- [ RunTime:0.014804s ]
INFO: [ view_filter ] --START--
INFO: Run Behavior\WriteHtmlCacheBehavior [ RunTime:0.000460s ]
INFO: [ view_filter ] --END-- [ RunTime:0.000493s ]
INFO: [ app_end ] --START--
INFO: Run Behavior\ShowPageTraceBehavior [ RunTime:0.000566s ]
INFO: [ app_end ] --END-- [ RunTime:0.000623s ]

[ 2017-10-23T10:55:28+08:00 ] 127.0.0.1 /index.html
INFO: [ app_init ] --START--
INFO: Run Behavior\BuildLiteBehavior [ RunTime:0.000010s ]
INFO: [ app_init ] --END-- [ RunTime:0.000408s ]
INFO: [ app_begin ] --START--
INFO: Run Behavior\ReadHtmlCacheBehavior [ RunTime:0.000477s ]
INFO: [ app_begin ] --END-- [ RunTime:0.000533s ]
SQL: SHOW COLUMNS FROM `tpt_navtop` [ RunTime:0.0818s ]
SQL: SELECT * FROM `tpt_navtop` WHERE ( tid = 0 ) ORDER BY sort ASC  [ RunTime:0.1003s ]
SQL: SELECT * FROM `tpt_navtop` WHERE ( tid != 0 ) ORDER BY sort ASC  [ RunTime:0.0739s ]
SQL: SHOW COLUMNS FROM `tpt_article` [ RunTime:0.0948s ]
SQL: SELECT * FROM `tpt_article` WHERE `commend` = 1 AND `open` = 1 ORDER BY id DESC LIMIT 3   [ RunTime:0.0922s ]
SQL: SELECT * FROM `tpt_article` WHERE `choice` = 1 AND `open` = 1 ORDER BY id DESC LIMIT 5   [ RunTime:0.1365s ]
SQL: SHOW COLUMNS FROM `tpt_links` [ RunTime:0.0667s ]
SQL: SELECT * FROM `tpt_links`  [ RunTime:0.0658s ]
SQL: SHOW COLUMNS FROM `tpt_conf` [ RunTime:0.0653s ]
SQL: SELECT * FROM `tpt_conf` WHERE `id` = 1 LIMIT 1   [ RunTime:0.0867s ]
SQL: SHOW COLUMNS FROM `tpt_banner` [ RunTime:0.0661s ]
SQL: SELECT * FROM `tpt_banner` WHERE `id` = 1 LIMIT 1   [ RunTime:0.0790s ]
SQL: SHOW COLUMNS FROM `tpt_article` [ RunTime:0.1169s ]
SQL: SHOW COLUMNS FROM `tpt_category` [ RunTime:0.1118s ]
SQL: SELECT COUNT(*) AS tp_count FROM tpt_article article LEFT JOIN tpt_category category ON article.tid=category.id LIMIT 1   [ RunTime:0.3770s ]
SQL: SELECT article.id AS id,article.title AS title,article.author AS author,article.view AS view,article.description AS description,article.keywords AS keywords,article.pic AS pic,article.commend AS commend,article.choice AS choice,article.time AS time,article.open AS open,category.name AS name,category.type AS type FROM tpt_article article LEFT JOIN tpt_category category ON article.tid=category.id WHERE article.open = 1 ORDER BY article.commend DESC,article.time DESC LIMIT 0,15   [ RunTime:0.1141s ]
INFO: [ view_parse ] --START--
INFO: [ template_filter ] --START--
INFO: Run Behavior\ContentReplaceBehavior [ RunTime:0.000087s ]
INFO: [ template_filter ] --END-- [ RunTime:0.000151s ]
NOTIC: [8] Undefined index: title D:\phpStudy\WWW\tpBlog\Runtime\Cache\Home\aa448f930e00a2c77d5751c6f186e91a.php 第 25 行.
NOTIC: [8] Use of undefined constant commend - assumed 'commend' D:\phpStudy\WWW\tpBlog\Runtime\Cache\Home\aa448f930e00a2c77d5751c6f186e91a.php 第 93 行.
NOTIC: [8] Use of undefined constant pic - assumed 'pic' D:\phpStudy\WWW\tpBlog\Runtime\Cache\Home\aa448f930e00a2c77d5751c6f186e91a.php 第 98 行.
NOTIC: [8] Use of undefined constant commend - assumed 'commend' D:\phpStudy\WWW\tpBlog\Runtime\Cache\Home\aa448f930e00a2c77d5751c6f186e91a.php 第 93 行.
NOTIC: [8] Use of undefined constant pic - assumed 'pic' D:\phpStudy\WWW\tpBlog\Runtime\Cache\Home\aa448f930e00a2c77d5751c6f186e91a.php 第 98 行.
NOTIC: [8] Use of undefined constant commend - assumed 'commend' D:\phpStudy\WWW\tpBlog\Runtime\Cache\Home\aa448f930e00a2c77d5751c6f186e91a.php 第 93 行.
NOTIC: [8] Use of undefined constant pic - assumed 'pic' D:\phpStudy\WWW\tpBlog\Runtime\Cache\Home\aa448f930e00a2c77d5751c6f186e91a.php 第 98 行.
NOTIC: [8] Use of undefined constant pic - assumed 'pic' D:\phpStudy\WWW\tpBlog\Runtime\Cache\Home\aa448f930e00a2c77d5751c6f186e91a.php 第 147 行.
NOTIC: [8] Use of undefined constant pic - assumed 'pic' D:\phpStudy\WWW\tpBlog\Runtime\Cache\Home\aa448f930e00a2c77d5751c6f186e91a.php 第 147 行.
NOTIC: [8] Use of undefined constant pic - assumed 'pic' D:\phpStudy\WWW\tpBlog\Runtime\Cache\Home\aa448f930e00a2c77d5751c6f186e91a.php 第 147 行.
INFO: Run Behavior\ParseTemplateBehavior [ RunTime:0.014724s ]
INFO: [ view_parse ] --END-- [ RunTime:0.014772s ]
INFO: [ view_filter ] --START--
INFO: Run Behavior\WriteHtmlCacheBehavior [ RunTime:0.000351s ]
INFO: [ view_filter ] --END-- [ RunTime:0.000386s ]
INFO: [ app_end ] --START--
INFO: Run Behavior\ShowPageTraceBehavior [ RunTime:0.000552s ]
INFO: [ app_end ] --END-- [ RunTime:0.000609s ]

[ 2017-10-23T10:55:34+08:00 ] 127.0.0.1 /index.html
INFO: [ app_init ] --START--
INFO: Run Behavior\BuildLiteBehavior [ RunTime:0.000013s ]
INFO: [ app_init ] --END-- [ RunTime:0.000358s ]
INFO: [ app_begin ] --START--
INFO: Run Behavior\ReadHtmlCacheBehavior [ RunTime:0.000443s ]
INFO: [ app_begin ] --END-- [ RunTime:0.000487s ]
SQL: SHOW COLUMNS FROM `tpt_navtop` [ RunTime:0.0629s ]
SQL: SELECT * FROM `tpt_navtop` WHERE ( tid = 0 ) ORDER BY sort ASC  [ RunTime:0.0660s ]
SQL: SELECT * FROM `tpt_navtop` WHERE ( tid != 0 ) ORDER BY sort ASC  [ RunTime:0.0615s ]
SQL: SHOW COLUMNS FROM `tpt_article` [ RunTime:0.0621s ]
SQL: SELECT * FROM `tpt_article` WHERE `commend` = 1 AND `open` = 1 ORDER BY id DESC LIMIT 3   [ RunTime:0.0630s ]
SQL: SELECT * FROM `tpt_article` WHERE `choice` = 1 AND `open` = 1 ORDER BY id DESC LIMIT 5   [ RunTime:0.1279s ]
SQL: SHOW COLUMNS FROM `tpt_links` [ RunTime:0.0620s ]
SQL: SELECT * FROM `tpt_links`  [ RunTime:0.0616s ]
SQL: SHOW COLUMNS FROM `tpt_conf` [ RunTime:0.0689s ]
SQL: SELECT * FROM `tpt_conf` WHERE `id` = 1 LIMIT 1   [ RunTime:0.0686s ]
SQL: SHOW COLUMNS FROM `tpt_banner` [ RunTime:0.0622s ]
SQL: SELECT * FROM `tpt_banner` WHERE `id` = 1 LIMIT 1   [ RunTime:0.0619s ]
SQL: SHOW COLUMNS FROM `tpt_article` [ RunTime:0.0627s ]
SQL: SHOW COLUMNS FROM `tpt_category` [ RunTime:0.0621s ]
SQL: SELECT COUNT(*) AS tp_count FROM tpt_article article LEFT JOIN tpt_category category ON article.tid=category.id LIMIT 1   [ RunTime:0.0627s ]
SQL: SELECT article.id AS id,article.title AS title,article.author AS author,article.view AS view,article.description AS description,article.keywords AS keywords,article.pic AS pic,article.commend AS commend,article.choice AS choice,article.time AS time,article.open AS open,category.name AS name,category.type AS type FROM tpt_article article LEFT JOIN tpt_category category ON article.tid=category.id WHERE article.open = 1 ORDER BY article.commend DESC,article.time DESC LIMIT 0,15   [ RunTime:0.0620s ]
INFO: [ view_parse ] --START--
INFO: [ template_filter ] --START--
INFO: Run Behavior\ContentReplaceBehavior [ RunTime:0.000109s ]
INFO: [ template_filter ] --END-- [ RunTime:0.000160s ]
NOTIC: [8] Undefined index: title D:\phpStudy\WWW\tpBlog\Runtime\Cache\Home\aa448f930e00a2c77d5751c6f186e91a.php 第 25 行.
NOTIC: [8] Use of undefined constant commend - assumed 'commend' D:\phpStudy\WWW\tpBlog\Runtime\Cache\Home\aa448f930e00a2c77d5751c6f186e91a.php 第 93 行.
NOTIC: [8] Use of undefined constant pic - assumed 'pic' D:\phpStudy\WWW\tpBlog\Runtime\Cache\Home\aa448f930e00a2c77d5751c6f186e91a.php 第 98 行.
NOTIC: [8] Use of undefined constant commend - assumed 'commend' D:\phpStudy\WWW\tpBlog\Runtime\Cache\Home\aa448f930e00a2c77d5751c6f186e91a.php 第 93 行.
NOTIC: [8] Use of undefined constant pic - assumed 'pic' D:\phpStudy\WWW\tpBlog\Runtime\Cache\Home\aa448f930e00a2c77d5751c6f186e91a.php 第 98 行.
NOTIC: [8] Use of undefined constant commend - assumed 'commend' D:\phpStudy\WWW\tpBlog\Runtime\Cache\Home\aa448f930e00a2c77d5751c6f186e91a.php 第 93 行.
NOTIC: [8] Use of undefined constant pic - assumed 'pic' D:\phpStudy\WWW\tpBlog\Runtime\Cache\Home\aa448f930e00a2c77d5751c6f186e91a.php 第 98 行.
NOTIC: [8] Use of undefined constant pic - assumed 'pic' D:\phpStudy\WWW\tpBlog\Runtime\Cache\Home\aa448f930e00a2c77d5751c6f186e91a.php 第 147 行.
NOTIC: [8] Use of undefined constant pic - assumed 'pic' D:\phpStudy\WWW\tpBlog\Runtime\Cache\Home\aa448f930e00a2c77d5751c6f186e91a.php 第 147 行.
NOTIC: [8] Use of undefined constant pic - assumed 'pic' D:\phpStudy\WWW\tpBlog\Runtime\Cache\Home\aa448f930e00a2c77d5751c6f186e91a.php 第 147 行.
INFO: Run Behavior\ParseTemplateBehavior [ RunTime:0.014156s ]
INFO: [ view_parse ] --END-- [ RunTime:0.014197s ]
INFO: [ view_filter ] --START--
INFO: Run Behavior\WriteHtmlCacheBehavior [ RunTime:0.000345s ]
INFO: [ view_filter ] --END-- [ RunTime:0.000379s ]
INFO: [ app_end ] --START--
INFO: Run Behavior\ShowPageTraceBehavior [ RunTime:0.000488s ]
INFO: [ app_end ] --END-- [ RunTime:0.000545s ]

[ 2017-10-23T10:56:09+08:00 ] 127.0.0.1 /index.html
INFO: [ app_init ] --START--
INFO: Run Behavior\BuildLiteBehavior [ RunTime:0.000011s ]
INFO: [ app_init ] --END-- [ RunTime:0.000394s ]
INFO: [ app_begin ] --START--
INFO: Run Behavior\ReadHtmlCacheBehavior [ RunTime:0.000528s ]
INFO: [ app_begin ] --END-- [ RunTime:0.000569s ]
SQL: SHOW COLUMNS FROM `tpt_navtop` [ RunTime:0.0631s ]
SQL: SELECT * FROM `tpt_navtop` WHERE ( tid = 0 ) ORDER BY sort ASC  [ RunTime:0.0626s ]
SQL: SELECT * FROM `tpt_navtop` WHERE ( tid != 0 ) ORDER BY sort ASC  [ RunTime:0.0628s ]
SQL: SHOW COLUMNS FROM `tpt_article` [ RunTime:0.0669s ]
SQL: SELECT * FROM `tpt_article` WHERE `commend` = 1 AND `open` = 1 ORDER BY id DESC LIMIT 3   [ RunTime:0.0645s ]
SQL: SELECT * FROM `tpt_article` WHERE `choice` = 1 AND `open` = 1 ORDER BY id DESC LIMIT 5   [ RunTime:0.1261s ]
SQL: SHOW COLUMNS FROM `tpt_links` [ RunTime:0.0667s ]
SQL: SELECT * FROM `tpt_links`  [ RunTime:0.0626s ]
SQL: SHOW COLUMNS FROM `tpt_conf` [ RunTime:0.0659s ]
SQL: SELECT * FROM `tpt_conf` WHERE `id` = 1 LIMIT 1   [ RunTime:0.0630s ]
SQL: SHOW COLUMNS FROM `tpt_banner` [ RunTime:0.0644s ]
SQL: SELECT * FROM `tpt_banner` WHERE `id` = 1 LIMIT 1   [ RunTime:0.0630s ]
SQL: SHOW COLUMNS FROM `tpt_article` [ RunTime:0.0633s ]
SQL: SHOW COLUMNS FROM `tpt_category` [ RunTime:0.0634s ]
SQL: SELECT COUNT(*) AS tp_count FROM tpt_article article LEFT JOIN tpt_category category ON article.tid=category.id LIMIT 1   [ RunTime:0.0632s ]
SQL: SELECT article.id AS id,article.title AS title,article.author AS author,article.view AS view,article.description AS description,article.keywords AS keywords,article.pic AS pic,article.commend AS commend,article.choice AS choice,article.time AS time,article.open AS open,category.name AS name,category.type AS type FROM tpt_article article LEFT JOIN tpt_category category ON article.tid=category.id WHERE article.open = 1 ORDER BY article.commend DESC,article.time DESC LIMIT 0,15   [ RunTime:0.0633s ]
INFO: [ view_parse ] --START--
INFO: [ template_filter ] --START--
INFO: Run Behavior\ContentReplaceBehavior [ RunTime:0.000294s ]
INFO: [ template_filter ] --END-- [ RunTime:0.000428s ]
NOTIC: [8] Undefined index: title D:\phpStudy\WWW\tpBlog\Runtime\Cache\Home\aa448f930e00a2c77d5751c6f186e91a.php 第 25 行.
NOTIC: [8] Use of undefined constant commend - assumed 'commend' D:\phpStudy\WWW\tpBlog\Runtime\Cache\Home\aa448f930e00a2c77d5751c6f186e91a.php 第 93 行.
NOTIC: [8] Use of undefined constant pic - assumed 'pic' D:\phpStudy\WWW\tpBlog\Runtime\Cache\Home\aa448f930e00a2c77d5751c6f186e91a.php 第 98 行.
NOTIC: [8] Use of undefined constant commend - assumed 'commend' D:\phpStudy\WWW\tpBlog\Runtime\Cache\Home\aa448f930e00a2c77d5751c6f186e91a.php 第 93 行.
NOTIC: [8] Use of undefined constant pic - assumed 'pic' D:\phpStudy\WWW\tpBlog\Runtime\Cache\Home\aa448f930e00a2c77d5751c6f186e91a.php 第 98 行.
NOTIC: [8] Use of undefined constant commend - assumed 'commend' D:\phpStudy\WWW\tpBlog\Runtime\Cache\Home\aa448f930e00a2c77d5751c6f186e91a.php 第 93 行.
NOTIC: [8] Use of undefined constant pic - assumed 'pic' D:\phpStudy\WWW\tpBlog\Runtime\Cache\Home\aa448f930e00a2c77d5751c6f186e91a.php 第 98 行.
NOTIC: [8] Use of undefined constant pic - assumed 'pic' D:\phpStudy\WWW\tpBlog\Runtime\Cache\Home\aa448f930e00a2c77d5751c6f186e91a.php 第 147 行.
NOTIC: [8] Use of undefined constant pic - assumed 'pic' D:\phpStudy\WWW\tpBlog\Runtime\Cache\Home\aa448f930e00a2c77d5751c6f186e91a.php 第 147 行.
NOTIC: [8] Use of undefined constant pic - assumed 'pic' D:\phpStudy\WWW\tpBlog\Runtime\Cache\Home\aa448f930e00a2c77d5751c6f186e91a.php 第 147 行.
INFO: Run Behavior\ParseTemplateBehavior [ RunTime:0.047192s ]
INFO: [ view_parse ] --END-- [ RunTime:0.047295s ]
INFO: [ view_filter ] --START--
INFO: Run Behavior\WriteHtmlCacheBehavior [ RunTime:0.000795s ]
INFO: [ view_filter ] --END-- [ RunTime:0.000906s ]
INFO: [ app_end ] --START--
INFO: Run Behavior\ShowPageTraceBehavior [ RunTime:0.000862s ]
INFO: [ app_end ] --END-- [ RunTime:0.000940s ]

[ 2017-10-23T10:56:16+08:00 ] 127.0.0.1 /index.php
INFO: [ app_init ] --START--
INFO: Run Behavior\BuildLiteBehavior [ RunTime:0.000013s ]
INFO: [ app_init ] --END-- [ RunTime:0.000475s ]
INFO: [ app_begin ] --START--
INFO: Run Behavior\ReadHtmlCacheBehavior [ RunTime:0.000527s ]
INFO: [ app_begin ] --END-- [ RunTime:0.000599s ]
SQL: SHOW COLUMNS FROM `tpt_navtop` [ RunTime:0.0660s ]
SQL: SELECT * FROM `tpt_navtop` WHERE ( tid = 0 ) ORDER BY sort ASC  [ RunTime:0.0655s ]
SQL: SELECT * FROM `tpt_navtop` WHERE ( tid != 0 ) ORDER BY sort ASC  [ RunTime:0.0654s ]
SQL: SHOW COLUMNS FROM `tpt_article` [ RunTime:0.0661s ]
SQL: SELECT * FROM `tpt_article` WHERE `commend` = 1 AND `open` = 1 ORDER BY id DESC LIMIT 3   [ RunTime:0.0670s ]
SQL: SELECT * FROM `tpt_article` WHERE `choice` = 1 AND `open` = 1 ORDER BY id DESC LIMIT 5   [ RunTime:0.1372s ]
SQL: SHOW COLUMNS FROM `tpt_links` [ RunTime:0.0669s ]
SQL: SELECT * FROM `tpt_links`  [ RunTime:0.0656s ]
SQL: SHOW COLUMNS FROM `tpt_conf` [ RunTime:0.0705s ]
SQL: SELECT * FROM `tpt_conf` WHERE `id` = 1 LIMIT 1   [ RunTime:0.0655s ]
SQL: SHOW COLUMNS FROM `tpt_banner` [ RunTime:0.0657s ]
SQL: SELECT * FROM `tpt_banner` WHERE `id` = 1 LIMIT 1   [ RunTime:0.0654s ]
SQL: SHOW COLUMNS FROM `tpt_article` [ RunTime:0.0687s ]
SQL: SHOW COLUMNS FROM `tpt_category` [ RunTime:0.0658s ]
SQL: SELECT COUNT(*) AS tp_count FROM tpt_article article LEFT JOIN tpt_category category ON article.tid=category.id LIMIT 1   [ RunTime:0.0651s ]
SQL: SELECT article.id AS id,article.title AS title,article.author AS author,article.view AS view,article.description AS description,article.keywords AS keywords,article.pic AS pic,article.commend AS commend,article.choice AS choice,article.time AS time,article.open AS open,category.name AS name,category.type AS type FROM tpt_article article LEFT JOIN tpt_category category ON article.tid=category.id WHERE article.open = 1 ORDER BY article.commend DESC,article.time DESC LIMIT 0,15   [ RunTime:0.0659s ]
INFO: [ view_parse ] --START--
INFO: [ template_filter ] --START--
INFO: Run Behavior\ContentReplaceBehavior [ RunTime:0.000183s ]
INFO: [ template_filter ] --END-- [ RunTime:0.000275s ]
NOTIC: [8] Undefined index: title D:\phpStudy\WWW\tpBlog\Runtime\Cache\Home\aa448f930e00a2c77d5751c6f186e91a.php 第 25 行.
NOTIC: [8] Use of undefined constant commend - assumed 'commend' D:\phpStudy\WWW\tpBlog\Runtime\Cache\Home\aa448f930e00a2c77d5751c6f186e91a.php 第 93 行.
NOTIC: [8] Use of undefined constant pic - assumed 'pic' D:\phpStudy\WWW\tpBlog\Runtime\Cache\Home\aa448f930e00a2c77d5751c6f186e91a.php 第 98 行.
NOTIC: [8] Use of undefined constant commend - assumed 'commend' D:\phpStudy\WWW\tpBlog\Runtime\Cache\Home\aa448f930e00a2c77d5751c6f186e91a.php 第 93 行.
NOTIC: [8] Use of undefined constant pic - assumed 'pic' D:\phpStudy\WWW\tpBlog\Runtime\Cache\Home\aa448f930e00a2c77d5751c6f186e91a.php 第 98 行.
NOTIC: [8] Use of undefined constant commend - assumed 'commend' D:\phpStudy\WWW\tpBlog\Runtime\Cache\Home\aa448f930e00a2c77d5751c6f186e91a.php 第 93 行.
NOTIC: [8] Use of undefined constant pic - assumed 'pic' D:\phpStudy\WWW\tpBlog\Runtime\Cache\Home\aa448f930e00a2c77d5751c6f186e91a.php 第 98 行.
NOTIC: [8] Use of undefined constant pic - assumed 'pic' D:\phpStudy\WWW\tpBlog\Runtime\Cache\Home\aa448f930e00a2c77d5751c6f186e91a.php 第 147 行.
NOTIC: [8] Use of undefined constant pic - assumed 'pic' D:\phpStudy\WWW\tpBlog\Runtime\Cache\Home\aa448f930e00a2c77d5751c6f186e91a.php 第 147 行.
NOTIC: [8] Use of undefined constant pic - assumed 'pic' D:\phpStudy\WWW\tpBlog\Runtime\Cache\Home\aa448f930e00a2c77d5751c6f186e91a.php 第 147 行.
INFO: Run Behavior\ParseTemplateBehavior [ RunTime:0.027880s ]
INFO: [ view_parse ] --END-- [ RunTime:0.027957s ]
INFO: [ view_filter ] --START--
INFO: Run Behavior\WriteHtmlCacheBehavior [ RunTime:0.000851s ]
INFO: [ view_filter ] --END-- [ RunTime:0.000917s ]
INFO: [ app_end ] --START--
INFO: Run Behavior\ShowPageTraceBehavior [ RunTime:0.000968s ]
INFO: [ app_end ] --END-- [ RunTime:0.001048s ]

[ 2017-10-23T10:56:26+08:00 ] 127.0.0.1 /
INFO: [ app_init ] --START--
INFO: Run Behavior\BuildLiteBehavior [ RunTime:0.000011s ]
INFO: [ app_init ] --END-- [ RunTime:0.000416s ]
INFO: [ app_begin ] --START--
INFO: Run Behavior\ReadHtmlCacheBehavior [ RunTime:0.000531s ]
INFO: [ app_begin ] --END-- [ RunTime:0.000577s ]
SQL: SHOW COLUMNS FROM `tpt_navtop` [ RunTime:0.0660s ]
SQL: SELECT * FROM `tpt_navtop` WHERE ( tid = 0 ) ORDER BY sort ASC  [ RunTime:0.0655s ]
SQL: SELECT * FROM `tpt_navtop` WHERE ( tid != 0 ) ORDER BY sort ASC  [ RunTime:0.0654s ]
SQL: SHOW COLUMNS FROM `tpt_article` [ RunTime:0.0688s ]
SQL: SELECT * FROM `tpt_article` WHERE `commend` = 1 AND `open` = 1 ORDER BY id DESC LIMIT 3   [ RunTime:0.0703s ]
SQL: SELECT * FROM `tpt_article` WHERE `choice` = 1 AND `open` = 1 ORDER BY id DESC LIMIT 5   [ RunTime:0.1357s ]
SQL: SHOW COLUMNS FROM `tpt_links` [ RunTime:0.0697s ]
SQL: SELECT * FROM `tpt_links`  [ RunTime:0.0659s ]
SQL: SHOW COLUMNS FROM `tpt_conf` [ RunTime:0.0662s ]
SQL: SELECT * FROM `tpt_conf` WHERE `id` = 1 LIMIT 1   [ RunTime:0.0732s ]
SQL: SHOW COLUMNS FROM `tpt_banner` [ RunTime:0.0683s ]
SQL: SELECT * FROM `tpt_banner` WHERE `id` = 1 LIMIT 1   [ RunTime:0.0699s ]
SQL: SHOW COLUMNS FROM `tpt_article` [ RunTime:0.0668s ]
SQL: SHOW COLUMNS FROM `tpt_category` [ RunTime:0.0655s ]
SQL: SELECT COUNT(*) AS tp_count FROM tpt_article article LEFT JOIN tpt_category category ON article.tid=category.id LIMIT 1   [ RunTime:0.0660s ]
SQL: SELECT article.id AS id,article.title AS title,article.author AS author,article.view AS view,article.description AS description,article.keywords AS keywords,article.pic AS pic,article.commend AS commend,article.choice AS choice,article.time AS time,article.open AS open,category.name AS name,category.type AS type FROM tpt_article article LEFT JOIN tpt_category category ON article.tid=category.id WHERE article.open = 1 ORDER BY article.commend DESC,article.time DESC LIMIT 0,15   [ RunTime:0.0694s ]
INFO: [ view_parse ] --START--
INFO: [ template_filter ] --START--
INFO: Run Behavior\ContentReplaceBehavior [ RunTime:0.000299s ]
INFO: [ template_filter ] --END-- [ RunTime:0.000436s ]
NOTIC: [8] Undefined index: title D:\phpStudy\WWW\tpBlog\Runtime\Cache\Home\aa448f930e00a2c77d5751c6f186e91a.php 第 25 行.
NOTIC: [8] Use of undefined constant commend - assumed 'commend' D:\phpStudy\WWW\tpBlog\Runtime\Cache\Home\aa448f930e00a2c77d5751c6f186e91a.php 第 93 行.
NOTIC: [8] Use of undefined constant pic - assumed 'pic' D:\phpStudy\WWW\tpBlog\Runtime\Cache\Home\aa448f930e00a2c77d5751c6f186e91a.php 第 98 行.
NOTIC: [8] Use of undefined constant commend - assumed 'commend' D:\phpStudy\WWW\tpBlog\Runtime\Cache\Home\aa448f930e00a2c77d5751c6f186e91a.php 第 93 行.
NOTIC: [8] Use of undefined constant pic - assumed 'pic' D:\phpStudy\WWW\tpBlog\Runtime\Cache\Home\aa448f930e00a2c77d5751c6f186e91a.php 第 98 行.
NOTIC: [8] Use of undefined constant commend - assumed 'commend' D:\phpStudy\WWW\tpBlog\Runtime\Cache\Home\aa448f930e00a2c77d5751c6f186e91a.php 第 93 行.
NOTIC: [8] Use of undefined constant pic - assumed 'pic' D:\phpStudy\WWW\tpBlog\Runtime\Cache\Home\aa448f930e00a2c77d5751c6f186e91a.php 第 98 行.
NOTIC: [8] Use of undefined constant pic - assumed 'pic' D:\phpStudy\WWW\tpBlog\Runtime\Cache\Home\aa448f930e00a2c77d5751c6f186e91a.php 第 147 行.
NOTIC: [8] Use of undefined constant pic - assumed 'pic' D:\phpStudy\WWW\tpBlog\Runtime\Cache\Home\aa448f930e00a2c77d5751c6f186e91a.php 第 147 行.
NOTIC: [8] Use of undefined constant pic - assumed 'pic' D:\phpStudy\WWW\tpBlog\Runtime\Cache\Home\aa448f930e00a2c77d5751c6f186e91a.php 第 147 行.
INFO: Run Behavior\ParseTemplateBehavior [ RunTime:0.051935s ]
INFO: [ view_parse ] --END-- [ RunTime:0.052035s ]
INFO: [ view_filter ] --START--
INFO: Run Behavior\WriteHtmlCacheBehavior [ RunTime:0.000699s ]
INFO: [ view_filter ] --END-- [ RunTime:0.000764s ]
INFO: [ app_end ] --START--
INFO: Run Behavior\ShowPageTraceBehavior [ RunTime:0.001056s ]
INFO: [ app_end ] --END-- [ RunTime:0.001134s ]

[ 2017-10-23T10:56:47+08:00 ] 127.0.0.1 /
INFO: [ app_init ] --START--
INFO: Run Behavior\BuildLiteBehavior [ RunTime:0.000013s ]
INFO: [ app_init ] --END-- [ RunTime:0.000466s ]
INFO: [ app_begin ] --START--
INFO: Run Behavior\ReadHtmlCacheBehavior [ RunTime:0.000477s ]
INFO: [ app_begin ] --END-- [ RunTime:0.000523s ]
SQL: SHOW COLUMNS FROM `tpt_navtop` [ RunTime:0.0950s ]
SQL: SELECT * FROM `tpt_navtop` WHERE ( tid = 0 ) ORDER BY sort ASC  [ RunTime:0.1132s ]
SQL: SELECT * FROM `tpt_navtop` WHERE ( tid != 0 ) ORDER BY sort ASC  [ RunTime:0.0992s ]
SQL: SHOW COLUMNS FROM `tpt_article` [ RunTime:0.0800s ]
SQL: SELECT * FROM `tpt_article` WHERE `commend` = 1 AND `open` = 1 ORDER BY id DESC LIMIT 3   [ RunTime:0.0855s ]
SQL: SELECT * FROM `tpt_article` WHERE `choice` = 1 AND `open` = 1 ORDER BY id DESC LIMIT 5   [ RunTime:0.1726s ]
SQL: SHOW COLUMNS FROM `tpt_links` [ RunTime:0.0863s ]
SQL: SELECT * FROM `tpt_links`  [ RunTime:0.0776s ]
SQL: SHOW COLUMNS FROM `tpt_conf` [ RunTime:0.0694s ]
SQL: SELECT * FROM `tpt_conf` WHERE `id` = 1 LIMIT 1   [ RunTime:0.0617s ]
SQL: SHOW COLUMNS FROM `tpt_banner` [ RunTime:0.0622s ]
SQL: SELECT * FROM `tpt_banner` WHERE `id` = 1 LIMIT 1   [ RunTime:0.0621s ]
SQL: SHOW COLUMNS FROM `tpt_article` [ RunTime:0.0625s ]
SQL: SHOW COLUMNS FROM `tpt_category` [ RunTime:0.0623s ]
SQL: SELECT COUNT(*) AS tp_count FROM tpt_article article LEFT JOIN tpt_category category ON article.tid=category.id LIMIT 1   [ RunTime:0.0616s ]
SQL: SELECT article.id AS id,article.title AS title,article.author AS author,article.view AS view,article.description AS description,article.keywords AS keywords,article.pic AS pic,article.commend AS commend,article.choice AS choice,article.time AS time,article.open AS open,category.name AS name,category.type AS type FROM tpt_article article LEFT JOIN tpt_category category ON article.tid=category.id WHERE article.open = 1 ORDER BY article.commend DESC,article.time DESC LIMIT 0,15   [ RunTime:0.0626s ]
INFO: [ view_parse ] --START--
INFO: [ template_filter ] --START--
INFO: Run Behavior\ContentReplaceBehavior [ RunTime:0.000298s ]
INFO: [ template_filter ] --END-- [ RunTime:0.000439s ]
NOTIC: [8] Undefined index: title D:\phpStudy\WWW\tpBlog\Runtime\Cache\Home\aa448f930e00a2c77d5751c6f186e91a.php 第 25 行.
NOTIC: [8] Use of undefined constant commend - assumed 'commend' D:\phpStudy\WWW\tpBlog\Runtime\Cache\Home\aa448f930e00a2c77d5751c6f186e91a.php 第 93 行.
NOTIC: [8] Use of undefined constant pic - assumed 'pic' D:\phpStudy\WWW\tpBlog\Runtime\Cache\Home\aa448f930e00a2c77d5751c6f186e91a.php 第 98 行.
NOTIC: [8] Use of undefined constant commend - assumed 'commend' D:\phpStudy\WWW\tpBlog\Runtime\Cache\Home\aa448f930e00a2c77d5751c6f186e91a.php 第 93 行.
NOTIC: [8] Use of undefined constant pic - assumed 'pic' D:\phpStudy\WWW\tpBlog\Runtime\Cache\Home\aa448f930e00a2c77d5751c6f186e91a.php 第 98 行.
NOTIC: [8] Use of undefined constant commend - assumed 'commend' D:\phpStudy\WWW\tpBlog\Runtime\Cache\Home\aa448f930e00a2c77d5751c6f186e91a.php 第 93 行.
NOTIC: [8] Use of undefined constant pic - assumed 'pic' D:\phpStudy\WWW\tpBlog\Runtime\Cache\Home\aa448f930e00a2c77d5751c6f186e91a.php 第 98 行.
NOTIC: [8] Use of undefined constant pic - assumed 'pic' D:\phpStudy\WWW\tpBlog\Runtime\Cache\Home\aa448f930e00a2c77d5751c6f186e91a.php 第 147 行.
NOTIC: [8] Use of undefined constant pic - assumed 'pic' D:\phpStudy\WWW\tpBlog\Runtime\Cache\Home\aa448f930e00a2c77d5751c6f186e91a.php 第 147 行.
NOTIC: [8] Use of undefined constant pic - assumed 'pic' D:\phpStudy\WWW\tpBlog\Runtime\Cache\Home\aa448f930e00a2c77d5751c6f186e91a.php 第 147 行.
INFO: Run Behavior\ParseTemplateBehavior [ RunTime:0.047678s ]
INFO: [ view_parse ] --END-- [ RunTime:0.047778s ]
INFO: [ view_filter ] --START--
INFO: Run Behavior\WriteHtmlCacheBehavior [ RunTime:0.000755s ]
INFO: [ view_filter ] --END-- [ RunTime:0.000835s ]
INFO: [ app_end ] --START--
INFO: Run Behavior\ShowPageTraceBehavior [ RunTime:0.001056s ]
INFO: [ app_end ] --END-- [ RunTime:0.001132s ]

[ 2017-10-23T10:56:59+08:00 ] 127.0.0.1 /
INFO: [ app_init ] --START--
INFO: Run Behavior\BuildLiteBehavior [ RunTime:0.000010s ]
INFO: [ app_init ] --END-- [ RunTime:0.000423s ]
INFO: [ app_begin ] --START--
INFO: Run Behavior\ReadHtmlCacheBehavior [ RunTime:0.001000s ]
INFO: [ app_begin ] --END-- [ RunTime:0.001210s ]
SQL: SHOW COLUMNS FROM `tpt_navtop` [ RunTime:0.0654s ]
SQL: SELECT * FROM `tpt_navtop` WHERE ( tid = 0 ) ORDER BY sort ASC  [ RunTime:0.0620s ]
SQL: SELECT * FROM `tpt_navtop` WHERE ( tid != 0 ) ORDER BY sort ASC  [ RunTime:0.0622s ]
SQL: SHOW COLUMNS FROM `tpt_article` [ RunTime:0.0632s ]
SQL: SELECT * FROM `tpt_article` WHERE `commend` = 1 AND `open` = 1 ORDER BY id DESC LIMIT 3   [ RunTime:0.0643s ]
SQL: SELECT * FROM `tpt_article` WHERE `choice` = 1 AND `open` = 1 ORDER BY id DESC LIMIT 5   [ RunTime:0.1248s ]
SQL: SHOW COLUMNS FROM `tpt_links` [ RunTime:0.0627s ]
SQL: SELECT * FROM `tpt_links`  [ RunTime:0.0619s ]
SQL: SHOW COLUMNS FROM `tpt_conf` [ RunTime:0.0645s ]
SQL: SELECT * FROM `tpt_conf` WHERE `id` = 1 LIMIT 1   [ RunTime:0.0621s ]
SQL: SHOW COLUMNS FROM `tpt_banner` [ RunTime:0.0623s ]
SQL: SELECT * FROM `tpt_banner` WHERE `id` = 1 LIMIT 1   [ RunTime:0.0622s ]
SQL: SHOW COLUMNS FROM `tpt_article` [ RunTime:0.0625s ]
SQL: SHOW COLUMNS FROM `tpt_category` [ RunTime:0.0679s ]
SQL: SELECT COUNT(*) AS tp_count FROM tpt_article article LEFT JOIN tpt_category category ON article.tid=category.id LIMIT 1   [ RunTime:0.0667s ]
SQL: SELECT article.id AS id,article.title AS title,article.author AS author,article.view AS view,article.description AS description,article.keywords AS keywords,article.pic AS pic,article.commend AS commend,article.choice AS choice,article.time AS time,article.open AS open,category.name AS name,category.type AS type FROM tpt_article article LEFT JOIN tpt_category category ON article.tid=category.id WHERE article.open = 1 ORDER BY article.commend DESC,article.time DESC LIMIT 0,15   [ RunTime:0.0626s ]
INFO: [ view_parse ] --START--
INFO: [ template_filter ] --START--
INFO: Run Behavior\ContentReplaceBehavior [ RunTime:0.000220s ]
INFO: [ template_filter ] --END-- [ RunTime:0.000324s ]
NOTIC: [8] Undefined index: title D:\phpStudy\WWW\tpBlog\Runtime\Cache\Home\aa448f930e00a2c77d5751c6f186e91a.php 第 25 行.
NOTIC: [8] Use of undefined constant commend - assumed 'commend' D:\phpStudy\WWW\tpBlog\Runtime\Cache\Home\aa448f930e00a2c77d5751c6f186e91a.php 第 93 行.
NOTIC: [8] Use of undefined constant pic - assumed 'pic' D:\phpStudy\WWW\tpBlog\Runtime\Cache\Home\aa448f930e00a2c77d5751c6f186e91a.php 第 98 行.
NOTIC: [8] Use of undefined constant commend - assumed 'commend' D:\phpStudy\WWW\tpBlog\Runtime\Cache\Home\aa448f930e00a2c77d5751c6f186e91a.php 第 93 行.
NOTIC: [8] Use of undefined constant pic - assumed 'pic' D:\phpStudy\WWW\tpBlog\Runtime\Cache\Home\aa448f930e00a2c77d5751c6f186e91a.php 第 98 行.
NOTIC: [8] Use of undefined constant commend - assumed 'commend' D:\phpStudy\WWW\tpBlog\Runtime\Cache\Home\aa448f930e00a2c77d5751c6f186e91a.php 第 93 行.
NOTIC: [8] Use of undefined constant pic - assumed 'pic' D:\phpStudy\WWW\tpBlog\Runtime\Cache\Home\aa448f930e00a2c77d5751c6f186e91a.php 第 98 行.
NOTIC: [8] Use of undefined constant pic - assumed 'pic' D:\phpStudy\WWW\tpBlog\Runtime\Cache\Home\aa448f930e00a2c77d5751c6f186e91a.php 第 147 行.
NOTIC: [8] Use of undefined constant pic - assumed 'pic' D:\phpStudy\WWW\tpBlog\Runtime\Cache\Home\aa448f930e00a2c77d5751c6f186e91a.php 第 147 行.
NOTIC: [8] Use of undefined constant pic - assumed 'pic' D:\phpStudy\WWW\tpBlog\Runtime\Cache\Home\aa448f930e00a2c77d5751c6f186e91a.php 第 147 行.
INFO: Run Behavior\ParseTemplateBehavior [ RunTime:0.037240s ]
INFO: [ view_parse ] --END-- [ RunTime:0.037361s ]
INFO: [ view_filter ] --START--
INFO: Run Behavior\WriteHtmlCacheBehavior [ RunTime:0.001105s ]
INFO: [ view_filter ] --END-- [ RunTime:0.001191s ]
INFO: [ app_end ] --START--
INFO: Run Behavior\ShowPageTraceBehavior [ RunTime:0.001280s ]
INFO: [ app_end ] --END-- [ RunTime:0.001384s ]

[ 2017-10-23T11:00:22+08:00 ] 127.0.0.1 /
INFO: [ app_init ] --START--
INFO: Run Behavior\BuildLiteBehavior [ RunTime:0.000011s ]
INFO: [ app_init ] --END-- [ RunTime:0.000490s ]
INFO: [ app_begin ] --START--
INFO: Run Behavior\ReadHtmlCacheBehavior [ RunTime:0.000587s ]
INFO: [ app_begin ] --END-- [ RunTime:0.000629s ]
SQL: SHOW COLUMNS FROM `tpt_navtop` [ RunTime:0.0660s ]
SQL: SELECT * FROM `tpt_navtop` WHERE ( tid = 0 ) ORDER BY sort ASC  [ RunTime:0.0626s ]
SQL: SELECT * FROM `tpt_navtop` WHERE ( tid != 0 ) ORDER BY sort ASC  [ RunTime:0.0624s ]
SQL: SHOW COLUMNS FROM `tpt_article` [ RunTime:0.0674s ]
SQL: SELECT * FROM `tpt_article` WHERE `commend` = 1 AND `open` = 1 ORDER BY id DESC LIMIT 3   [ RunTime:0.0660s ]
SQL: SELECT * FROM `tpt_article` WHERE `choice` = 1 AND `open` = 1 ORDER BY id DESC LIMIT 5   [ RunTime:0.1257s ]
SQL: SHOW COLUMNS FROM `tpt_links` [ RunTime:0.0633s ]
SQL: SELECT * FROM `tpt_links`  [ RunTime:0.0643s ]
SQL: SHOW COLUMNS FROM `tpt_conf` [ RunTime:0.0631s ]
SQL: SELECT * FROM `tpt_conf` WHERE `id` = 1 LIMIT 1   [ RunTime:0.0648s ]
SQL: SHOW COLUMNS FROM `tpt_banner` [ RunTime:0.0627s ]
SQL: SELECT * FROM `tpt_banner` WHERE `id` = 1 LIMIT 1   [ RunTime:0.0641s ]
SQL: SHOW COLUMNS FROM `tpt_article` [ RunTime:0.0666s ]
SQL: SHOW COLUMNS FROM `tpt_category` [ RunTime:0.0651s ]
SQL: SELECT COUNT(*) AS tp_count FROM tpt_article article LEFT JOIN tpt_category category ON article.tid=category.id LIMIT 1   [ RunTime:0.0659s ]
SQL: SELECT article.id AS id,article.title AS title,article.author AS author,article.view AS view,article.description AS description,article.keywords AS keywords,article.pic AS pic,article.commend AS commend,article.choice AS choice,article.time AS time,article.open AS open,category.name AS name,category.type AS type FROM tpt_article article LEFT JOIN tpt_category category ON article.tid=category.id WHERE article.open = 1 ORDER BY article.commend DESC,article.time DESC LIMIT 0,15   [ RunTime:0.0629s ]
INFO: [ view_parse ] --START--
INFO: [ template_filter ] --START--
INFO: Run Behavior\ContentReplaceBehavior [ RunTime:0.000141s ]
INFO: [ template_filter ] --END-- [ RunTime:0.000208s ]
NOTIC: [8] Undefined index: title D:\phpStudy\WWW\tpBlog\Runtime\Cache\Home\aa448f930e00a2c77d5751c6f186e91a.php 第 25 行.
NOTIC: [8] Use of undefined constant commend - assumed 'commend' D:\phpStudy\WWW\tpBlog\Runtime\Cache\Home\aa448f930e00a2c77d5751c6f186e91a.php 第 93 行.
NOTIC: [8] Use of undefined constant pic - assumed 'pic' D:\phpStudy\WWW\tpBlog\Runtime\Cache\Home\aa448f930e00a2c77d5751c6f186e91a.php 第 98 行.
NOTIC: [8] Use of undefined constant commend - assumed 'commend' D:\phpStudy\WWW\tpBlog\Runtime\Cache\Home\aa448f930e00a2c77d5751c6f186e91a.php 第 93 行.
NOTIC: [8] Use of undefined constant pic - assumed 'pic' D:\phpStudy\WWW\tpBlog\Runtime\Cache\Home\aa448f930e00a2c77d5751c6f186e91a.php 第 98 行.
NOTIC: [8] Use of undefined constant commend - assumed 'commend' D:\phpStudy\WWW\tpBlog\Runtime\Cache\Home\aa448f930e00a2c77d5751c6f186e91a.php 第 93 行.
NOTIC: [8] Use of undefined constant pic - assumed 'pic' D:\phpStudy\WWW\tpBlog\Runtime\Cache\Home\aa448f930e00a2c77d5751c6f186e91a.php 第 98 行.
NOTIC: [8] Use of undefined constant pic - assumed 'pic' D:\phpStudy\WWW\tpBlog\Runtime\Cache\Home\aa448f930e00a2c77d5751c6f186e91a.php 第 147 行.
NOTIC: [8] Use of undefined constant pic - assumed 'pic' D:\phpStudy\WWW\tpBlog\Runtime\Cache\Home\aa448f930e00a2c77d5751c6f186e91a.php 第 147 行.
NOTIC: [8] Use of undefined constant pic - assumed 'pic' D:\phpStudy\WWW\tpBlog\Runtime\Cache\Home\aa448f930e00a2c77d5751c6f186e91a.php 第 147 行.
INFO: Run Behavior\ParseTemplateBehavior [ RunTime:0.041907s ]
INFO: [ view_parse ] --END-- [ RunTime:0.042001s ]
INFO: [ view_filter ] --START--
INFO: Run Behavior\WriteHtmlCacheBehavior [ RunTime:0.000688s ]
INFO: [ view_filter ] --END-- [ RunTime:0.000740s ]
INFO: [ app_end ] --START--
INFO: Run Behavior\ShowPageTraceBehavior [ RunTime:0.001125s ]
INFO: [ app_end ] --END-- [ RunTime:0.001193s ]

[ 2017-10-23T11:00:38+08:00 ] 127.0.0.1 /
INFO: [ app_init ] --START--
INFO: Run Behavior\BuildLiteBehavior [ RunTime:0.000011s ]
INFO: [ app_init ] --END-- [ RunTime:0.000502s ]
INFO: [ app_begin ] --START--
INFO: Run Behavior\ReadHtmlCacheBehavior [ RunTime:0.000577s ]
INFO: [ app_begin ] --END-- [ RunTime:0.000626s ]
SQL: SHOW COLUMNS FROM `tpt_navtop` [ RunTime:0.0629s ]
SQL: SELECT * FROM `tpt_navtop` WHERE ( tid = 0 ) ORDER BY sort ASC  [ RunTime:0.0622s ]
SQL: SELECT * FROM `tpt_navtop` WHERE ( tid != 0 ) ORDER BY sort ASC  [ RunTime:0.0620s ]
SQL: SHOW COLUMNS FROM `tpt_article` [ RunTime:0.0628s ]
SQL: SELECT * FROM `tpt_article` WHERE `commend` = 1 AND `open` = 1 ORDER BY id DESC LIMIT 3   [ RunTime:0.0633s ]
SQL: SELECT * FROM `tpt_article` WHERE `choice` = 1 AND `open` = 1 ORDER BY id DESC LIMIT 5   [ RunTime:0.1248s ]
SQL: SHOW COLUMNS FROM `tpt_links` [ RunTime:0.0622s ]
SQL: SELECT * FROM `tpt_links`  [ RunTime:0.0618s ]
SQL: SHOW COLUMNS FROM `tpt_conf` [ RunTime:0.0639s ]
SQL: SELECT * FROM `tpt_conf` WHERE `id` = 1 LIMIT 1   [ RunTime:0.0792s ]
SQL: SHOW COLUMNS FROM `tpt_banner` [ RunTime:0.0778s ]
SQL: SELECT * FROM `tpt_banner` WHERE `id` = 1 LIMIT 1   [ RunTime:0.0823s ]
SQL: SHOW COLUMNS FROM `tpt_article` [ RunTime:0.0634s ]
SQL: SHOW COLUMNS FROM `tpt_category` [ RunTime:0.0628s ]
SQL: SELECT COUNT(*) AS tp_count FROM tpt_article article LEFT JOIN tpt_category category ON article.tid=category.id LIMIT 1   [ RunTime:0.0619s ]
SQL: SELECT article.id AS id,article.title AS title,article.author AS author,article.view AS view,article.description AS description,article.keywords AS keywords,article.pic AS pic,article.commend AS commend,article.choice AS choice,article.time AS time,article.open AS open,category.name AS name,category.type AS type FROM tpt_article article LEFT JOIN tpt_category category ON article.tid=category.id WHERE article.open = 1 ORDER BY article.commend DESC,article.time DESC LIMIT 0,15   [ RunTime:0.0630s ]
INFO: [ view_parse ] --START--
INFO: [ template_filter ] --START--
INFO: Run Behavior\ContentReplaceBehavior [ RunTime:0.000191s ]
INFO: [ template_filter ] --END-- [ RunTime:0.000278s ]
NOTIC: [8] Undefined index: title D:\phpStudy\WWW\tpBlog\Runtime\Cache\Home\aa448f930e00a2c77d5751c6f186e91a.php 第 25 行.
NOTIC: [8] Use of undefined constant commend - assumed 'commend' D:\phpStudy\WWW\tpBlog\Runtime\Cache\Home\aa448f930e00a2c77d5751c6f186e91a.php 第 93 行.
NOTIC: [8] Use of undefined constant pic - assumed 'pic' D:\phpStudy\WWW\tpBlog\Runtime\Cache\Home\aa448f930e00a2c77d5751c6f186e91a.php 第 98 行.
NOTIC: [8] Use of undefined constant commend - assumed 'commend' D:\phpStudy\WWW\tpBlog\Runtime\Cache\Home\aa448f930e00a2c77d5751c6f186e91a.php 第 93 行.
NOTIC: [8] Use of undefined constant pic - assumed 'pic' D:\phpStudy\WWW\tpBlog\Runtime\Cache\Home\aa448f930e00a2c77d5751c6f186e91a.php 第 98 行.
NOTIC: [8] Use of undefined constant commend - assumed 'commend' D:\phpStudy\WWW\tpBlog\Runtime\Cache\Home\aa448f930e00a2c77d5751c6f186e91a.php 第 93 行.
NOTIC: [8] Use of undefined constant pic - assumed 'pic' D:\phpStudy\WWW\tpBlog\Runtime\Cache\Home\aa448f930e00a2c77d5751c6f186e91a.php 第 98 行.
NOTIC: [8] Use of undefined constant pic - assumed 'pic' D:\phpStudy\WWW\tpBlog\Runtime\Cache\Home\aa448f930e00a2c77d5751c6f186e91a.php 第 147 行.
NOTIC: [8] Use of undefined constant pic - assumed 'pic' D:\phpStudy\WWW\tpBlog\Runtime\Cache\Home\aa448f930e00a2c77d5751c6f186e91a.php 第 147 行.
NOTIC: [8] Use of undefined constant pic - assumed 'pic' D:\phpStudy\WWW\tpBlog\Runtime\Cache\Home\aa448f930e00a2c77d5751c6f186e91a.php 第 147 行.
INFO: Run Behavior\ParseTemplateBehavior [ RunTime:0.042385s ]
INFO: [ view_parse ] --END-- [ RunTime:0.042495s ]
INFO: [ view_filter ] --START--
INFO: Run Behavior\WriteHtmlCacheBehavior [ RunTime:0.000745s ]
INFO: [ view_filter ] --END-- [ RunTime:0.000819s ]
INFO: [ app_end ] --START--
INFO: Run Behavior\ShowPageTraceBehavior [ RunTime:0.001004s ]
INFO: [ app_end ] --END-- [ RunTime:0.001091s ]

[ 2017-10-23T11:05:39+08:00 ] 127.0.0.1 /
INFO: [ app_init ] --START--
INFO: Run Behavior\BuildLiteBehavior [ RunTime:0.000010s ]
INFO: [ app_init ] --END-- [ RunTime:0.000443s ]
INFO: [ app_begin ] --START--
INFO: Run Behavior\ReadHtmlCacheBehavior [ RunTime:0.000566s ]
INFO: [ app_begin ] --END-- [ RunTime:0.000613s ]
SQL: SHOW COLUMNS FROM `tpt_navtop` [ RunTime:0.0622s ]
SQL: SELECT * FROM `tpt_navtop` WHERE ( tid = 0 ) ORDER BY sort ASC  [ RunTime:0.0617s ]
SQL: SELECT * FROM `tpt_navtop` WHERE ( tid != 0 ) ORDER BY sort ASC  [ RunTime:0.0636s ]
SQL: SHOW COLUMNS FROM `tpt_article` [ RunTime:0.0638s ]
SQL: SELECT * FROM `tpt_article` WHERE `commend` = 1 AND `open` = 1 ORDER BY id DESC LIMIT 3   [ RunTime:0.0633s ]
SQL: SELECT * FROM `tpt_article` WHERE `choice` = 1 AND `open` = 1 ORDER BY id DESC LIMIT 5   [ RunTime:0.1245s ]
SQL: SHOW COLUMNS FROM `tpt_links` [ RunTime:0.0622s ]
SQL: SELECT * FROM `tpt_links`  [ RunTime:0.0619s ]
SQL: SHOW COLUMNS FROM `tpt_conf` [ RunTime:0.0623s ]
SQL: SELECT * FROM `tpt_conf` WHERE `id` = 1 LIMIT 1   [ RunTime:0.0618s ]
SQL: SHOW COLUMNS FROM `tpt_banner` [ RunTime:0.0626s ]
SQL: SELECT * FROM `tpt_banner` WHERE `id` = 1 LIMIT 1   [ RunTime:0.0618s ]
SQL: SHOW COLUMNS FROM `tpt_article` [ RunTime:0.0627s ]
SQL: SHOW COLUMNS FROM `tpt_category` [ RunTime:0.0625s ]
SQL: SELECT COUNT(*) AS tp_count FROM tpt_article article LEFT JOIN tpt_category category ON article.tid=category.id LIMIT 1   [ RunTime:0.0621s ]
SQL: SELECT article.id AS id,article.title AS title,article.author AS author,article.view AS view,article.description AS description,article.keywords AS keywords,article.pic AS pic,article.commend AS commend,article.choice AS choice,article.time AS time,article.open AS open,category.name AS name,category.type AS type FROM tpt_article article LEFT JOIN tpt_category category ON article.tid=category.id WHERE article.open = 1 ORDER BY article.commend DESC,article.time DESC LIMIT 0,15   [ RunTime:0.0624s ]
INFO: [ view_parse ] --START--
INFO: [ template_filter ] --START--
INFO: Run Behavior\ContentReplaceBehavior [ RunTime:0.000077s ]
INFO: [ template_filter ] --END-- [ RunTime:0.000122s ]
NOTIC: [8] Undefined index: title D:\phpStudy\WWW\tpBlog\Runtime\Cache\Home\aa448f930e00a2c77d5751c6f186e91a.php 第 25 行.
NOTIC: [8] Use of undefined constant commend - assumed 'commend' D:\phpStudy\WWW\tpBlog\Runtime\Cache\Home\aa448f930e00a2c77d5751c6f186e91a.php 第 93 行.
NOTIC: [8] Use of undefined constant pic - assumed 'pic' D:\phpStudy\WWW\tpBlog\Runtime\Cache\Home\aa448f930e00a2c77d5751c6f186e91a.php 第 98 行.
NOTIC: [8] Use of undefined constant commend - assumed 'commend' D:\phpStudy\WWW\tpBlog\Runtime\Cache\Home\aa448f930e00a2c77d5751c6f186e91a.php 第 93 行.
NOTIC: [8] Use of undefined constant pic - assumed 'pic' D:\phpStudy\WWW\tpBlog\Runtime\Cache\Home\aa448f930e00a2c77d5751c6f186e91a.php 第 98 行.
NOTIC: [8] Use of undefined constant commend - assumed 'commend' D:\phpStudy\WWW\tpBlog\Runtime\Cache\Home\aa448f930e00a2c77d5751c6f186e91a.php 第 93 行.
NOTIC: [8] Use of undefined constant pic - assumed 'pic' D:\phpStudy\WWW\tpBlog\Runtime\Cache\Home\aa448f930e00a2c77d5751c6f186e91a.php 第 98 行.
NOTIC: [8] Use of undefined constant pic - assumed 'pic' D:\phpStudy\WWW\tpBlog\Runtime\Cache\Home\aa448f930e00a2c77d5751c6f186e91a.php 第 147 行.
NOTIC: [8] Use of undefined constant pic - assumed 'pic' D:\phpStudy\WWW\tpBlog\Runtime\Cache\Home\aa448f930e00a2c77d5751c6f186e91a.php 第 147 行.
NOTIC: [8] Use of undefined constant pic - assumed 'pic' D:\phpStudy\WWW\tpBlog\Runtime\Cache\Home\aa448f930e00a2c77d5751c6f186e91a.php 第 147 行.
INFO: Run Behavior\ParseTemplateBehavior [ RunTime:0.013971s ]
INFO: [ view_parse ] --END-- [ RunTime:0.014007s ]
INFO: [ view_filter ] --START--
INFO: Run Behavior\WriteHtmlCacheBehavior [ RunTime:0.000458s ]
INFO: [ view_filter ] --END-- [ RunTime:0.000488s ]
INFO: [ app_end ] --START--
INFO: Run Behavior\ShowPageTraceBehavior [ RunTime:0.000689s ]
INFO: [ app_end ] --END-- [ RunTime:0.000725s ]

[ 2017-10-23T11:05:53+08:00 ] 127.0.0.1 /
INFO: [ app_init ] --START--
INFO: Run Behavior\BuildLiteBehavior [ RunTime:0.000011s ]
INFO: [ app_init ] --END-- [ RunTime:0.000499s ]
INFO: [ app_begin ] --START--
INFO: Run Behavior\ReadHtmlCacheBehavior [ RunTime:0.000626s ]
INFO: [ app_begin ] --END-- [ RunTime:0.000678s ]
SQL: SHOW COLUMNS FROM `tpt_navtop` [ RunTime:0.0627s ]
SQL: SELECT * FROM `tpt_navtop` WHERE ( tid = 0 ) ORDER BY sort ASC  [ RunTime:0.0629s ]
SQL: SELECT * FROM `tpt_navtop` WHERE ( tid != 0 ) ORDER BY sort ASC  [ RunTime:0.0621s ]
SQL: SHOW COLUMNS FROM `tpt_article` [ RunTime:0.0626s ]
SQL: SELECT * FROM `tpt_article` WHERE `commend` = 1 AND `open` = 1 ORDER BY id DESC LIMIT 3   [ RunTime:0.0639s ]
SQL: SELECT * FROM `tpt_article` WHERE `choice` = 1 AND `open` = 1 ORDER BY id DESC LIMIT 5   [ RunTime:0.1244s ]
SQL: SHOW COLUMNS FROM `tpt_links` [ RunTime:0.0626s ]
SQL: SELECT * FROM `tpt_links`  [ RunTime:0.0619s ]
SQL: SHOW COLUMNS FROM `tpt_conf` [ RunTime:0.0625s ]
SQL: SELECT * FROM `tpt_conf` WHERE `id` = 1 LIMIT 1   [ RunTime:0.0622s ]
SQL: SHOW COLUMNS FROM `tpt_banner` [ RunTime:0.0625s ]
SQL: SELECT * FROM `tpt_banner` WHERE `id` = 1 LIMIT 1   [ RunTime:0.0621s ]
SQL: SHOW COLUMNS FROM `tpt_article` [ RunTime:0.0627s ]
SQL: SHOW COLUMNS FROM `tpt_category` [ RunTime:0.0626s ]
SQL: SELECT COUNT(*) AS tp_count FROM tpt_article article LEFT JOIN tpt_category category ON article.tid=category.id LIMIT 1   [ RunTime:0.0624s ]
SQL: SELECT article.id AS id,article.title AS title,article.author AS author,article.view AS view,article.description AS description,article.keywords AS keywords,article.pic AS pic,article.commend AS commend,article.choice AS choice,article.time AS time,article.open AS open,category.name AS name,category.type AS type FROM tpt_article article LEFT JOIN tpt_category category ON article.tid=category.id WHERE article.open = 1 ORDER BY article.commend DESC,article.time DESC LIMIT 0,15   [ RunTime:0.0647s ]
INFO: [ view_parse ] --START--
INFO: [ template_filter ] --START--
INFO: Run Behavior\ContentReplaceBehavior [ RunTime:0.000080s ]
INFO: [ template_filter ] --END-- [ RunTime:0.000121s ]
NOTIC: [8] Undefined index: title D:\phpStudy\WWW\tpBlog\Runtime\Cache\Home\aa448f930e00a2c77d5751c6f186e91a.php 第 25 行.
NOTIC: [8] Use of undefined constant commend - assumed 'commend' D:\phpStudy\WWW\tpBlog\Runtime\Cache\Home\aa448f930e00a2c77d5751c6f186e91a.php 第 93 行.
NOTIC: [8] Use of undefined constant pic - assumed 'pic' D:\phpStudy\WWW\tpBlog\Runtime\Cache\Home\aa448f930e00a2c77d5751c6f186e91a.php 第 98 行.
NOTIC: [8] Use of undefined constant commend - assumed 'commend' D:\phpStudy\WWW\tpBlog\Runtime\Cache\Home\aa448f930e00a2c77d5751c6f186e91a.php 第 93 行.
NOTIC: [8] Use of undefined constant pic - assumed 'pic' D:\phpStudy\WWW\tpBlog\Runtime\Cache\Home\aa448f930e00a2c77d5751c6f186e91a.php 第 98 行.
NOTIC: [8] Use of undefined constant commend - assumed 'commend' D:\phpStudy\WWW\tpBlog\Runtime\Cache\Home\aa448f930e00a2c77d5751c6f186e91a.php 第 93 行.
NOTIC: [8] Use of undefined constant pic - assumed 'pic' D:\phpStudy\WWW\tpBlog\Runtime\Cache\Home\aa448f930e00a2c77d5751c6f186e91a.php 第 98 行.
NOTIC: [8] Use of undefined constant pic - assumed 'pic' D:\phpStudy\WWW\tpBlog\Runtime\Cache\Home\aa448f930e00a2c77d5751c6f186e91a.php 第 147 行.
NOTIC: [8] Use of undefined constant pic - assumed 'pic' D:\phpStudy\WWW\tpBlog\Runtime\Cache\Home\aa448f930e00a2c77d5751c6f186e91a.php 第 147 行.
NOTIC: [8] Use of undefined constant pic - assumed 'pic' D:\phpStudy\WWW\tpBlog\Runtime\Cache\Home\aa448f930e00a2c77d5751c6f186e91a.php 第 147 行.
INFO: Run Behavior\ParseTemplateBehavior [ RunTime:0.015003s ]
INFO: [ view_parse ] --END-- [ RunTime:0.015056s ]
INFO: [ view_filter ] --START--
INFO: Run Behavior\WriteHtmlCacheBehavior [ RunTime:0.000388s ]
INFO: [ view_filter ] --END-- [ RunTime:0.000419s ]
INFO: [ app_end ] --START--
INFO: Run Behavior\ShowPageTraceBehavior [ RunTime:0.000677s ]
INFO: [ app_end ] --END-- [ RunTime:0.000728s ]

[ 2017-10-23T11:12:51+08:00 ] 127.0.0.1 /
INFO: [ app_init ] --START--
INFO: Run Behavior\BuildLiteBehavior [ RunTime:0.000021s ]
INFO: [ app_init ] --END-- [ RunTime:0.000499s ]
INFO: [ app_begin ] --START--
INFO: Run Behavior\ReadHtmlCacheBehavior [ RunTime:0.000616s ]
INFO: [ app_begin ] --END-- [ RunTime:0.000666s ]
SQL: SHOW COLUMNS FROM `tpt_navtop` [ RunTime:0.0624s ]
SQL: SELECT * FROM `tpt_navtop` WHERE ( tid = 0 ) ORDER BY sort ASC  [ RunTime:0.0622s ]
SQL: SELECT * FROM `tpt_navtop` WHERE ( tid != 0 ) ORDER BY sort ASC  [ RunTime:0.0619s ]
SQL: SHOW COLUMNS FROM `tpt_article` [ RunTime:0.0624s ]
SQL: SELECT * FROM `tpt_article` WHERE `commend` = 1 AND `open` = 1 ORDER BY id DESC LIMIT 3   [ RunTime:0.0633s ]
SQL: SELECT * FROM `tpt_article` WHERE `choice` = 1 AND `open` = 1 ORDER BY id DESC LIMIT 5   [ RunTime:0.1242s ]
SQL: SHOW COLUMNS FROM `tpt_links` [ RunTime:0.0621s ]
SQL: SELECT * FROM `tpt_links`  [ RunTime:0.0622s ]
SQL: SHOW COLUMNS FROM `tpt_conf` [ RunTime:0.0624s ]
SQL: SELECT * FROM `tpt_conf` WHERE `id` = 1 LIMIT 1   [ RunTime:0.0621s ]
SQL: SHOW COLUMNS FROM `tpt_banner` [ RunTime:0.0622s ]
SQL: SELECT * FROM `tpt_banner` WHERE `id` = 1 LIMIT 1   [ RunTime:0.0618s ]
SQL: SHOW COLUMNS FROM `tpt_article` [ RunTime:0.0636s ]
SQL: SHOW COLUMNS FROM `tpt_category` [ RunTime:0.0623s ]
SQL: SELECT COUNT(*) AS tp_count FROM tpt_article article LEFT JOIN tpt_category category ON article.tid=category.id LIMIT 1   [ RunTime:0.0621s ]
SQL: SELECT article.id AS id,article.title AS title,article.author AS author,article.view AS view,article.description AS description,article.keywords AS keywords,article.pic AS pic,article.commend AS commend,article.choice AS choice,article.time AS time,article.open AS open,category.name AS name,category.type AS type FROM tpt_article article LEFT JOIN tpt_category category ON article.tid=category.id WHERE article.open = 1 ORDER BY article.commend DESC,article.time DESC LIMIT 0,15   [ RunTime:0.0625s ]
INFO: [ view_parse ] --START--
INFO: [ template_filter ] --START--
INFO: Run Behavior\ContentReplaceBehavior [ RunTime:0.000123s ]
INFO: [ template_filter ] --END-- [ RunTime:0.000191s ]
NOTIC: [8] Undefined index: title D:\phpStudy\WWW\tpBlog\Runtime\Cache\Home\aa448f930e00a2c77d5751c6f186e91a.php 第 25 行.
NOTIC: [8] Use of undefined constant commend - assumed 'commend' D:\phpStudy\WWW\tpBlog\Runtime\Cache\Home\aa448f930e00a2c77d5751c6f186e91a.php 第 93 行.
NOTIC: [8] Use of undefined constant pic - assumed 'pic' D:\phpStudy\WWW\tpBlog\Runtime\Cache\Home\aa448f930e00a2c77d5751c6f186e91a.php 第 98 行.
NOTIC: [8] Use of undefined constant commend - assumed 'commend' D:\phpStudy\WWW\tpBlog\Runtime\Cache\Home\aa448f930e00a2c77d5751c6f186e91a.php 第 93 行.
NOTIC: [8] Use of undefined constant pic - assumed 'pic' D:\phpStudy\WWW\tpBlog\Runtime\Cache\Home\aa448f930e00a2c77d5751c6f186e91a.php 第 98 行.
NOTIC: [8] Use of undefined constant commend - assumed 'commend' D:\phpStudy\WWW\tpBlog\Runtime\Cache\Home\aa448f930e00a2c77d5751c6f186e91a.php 第 93 行.
NOTIC: [8] Use of undefined constant pic - assumed 'pic' D:\phpStudy\WWW\tpBlog\Runtime\Cache\Home\aa448f930e00a2c77d5751c6f186e91a.php 第 98 行.
NOTIC: [8] Use of undefined constant pic - assumed 'pic' D:\phpStudy\WWW\tpBlog\Runtime\Cache\Home\aa448f930e00a2c77d5751c6f186e91a.php 第 147 行.
NOTIC: [8] Use of undefined constant pic - assumed 'pic' D:\phpStudy\WWW\tpBlog\Runtime\Cache\Home\aa448f930e00a2c77d5751c6f186e91a.php 第 147 行.
NOTIC: [8] Use of undefined constant pic - assumed 'pic' D:\phpStudy\WWW\tpBlog\Runtime\Cache\Home\aa448f930e00a2c77d5751c6f186e91a.php 第 147 行.
INFO: Run Behavior\ParseTemplateBehavior [ RunTime:0.031444s ]
INFO: [ view_parse ] --END-- [ RunTime:0.031513s ]
INFO: [ view_filter ] --START--
INFO: Run Behavior\WriteHtmlCacheBehavior [ RunTime:0.000512s ]
INFO: [ view_filter ] --END-- [ RunTime:0.000554s ]
INFO: [ app_end ] --START--
INFO: Run Behavior\ShowPageTraceBehavior [ RunTime:0.000740s ]
INFO: [ app_end ] --END-- [ RunTime:0.000788s ]

[ 2017-10-23T11:13:12+08:00 ] 127.0.0.1 /
INFO: [ app_init ] --START--
INFO: Run Behavior\BuildLiteBehavior [ RunTime:0.000013s ]
INFO: [ app_init ] --END-- [ RunTime:0.000489s ]
INFO: [ app_begin ] --START--
INFO: Run Behavior\ReadHtmlCacheBehavior [ RunTime:0.000808s ]
INFO: [ app_begin ] --END-- [ RunTime:0.000876s ]
SQL: SHOW COLUMNS FROM `tpt_navtop` [ RunTime:0.0626s ]
SQL: SELECT * FROM `tpt_navtop` WHERE ( tid = 0 ) ORDER BY sort ASC  [ RunTime:0.0624s ]
SQL: SELECT * FROM `tpt_navtop` WHERE ( tid != 0 ) ORDER BY sort ASC  [ RunTime:0.0633s ]
SQL: SHOW COLUMNS FROM `tpt_article` [ RunTime:0.0628s ]
SQL: SELECT * FROM `tpt_article` WHERE `commend` = 1 AND `open` = 1 ORDER BY id DESC LIMIT 3   [ RunTime:0.0639s ]
SQL: SELECT * FROM `tpt_article` WHERE `choice` = 1 AND `open` = 1 ORDER BY id DESC LIMIT 5   [ RunTime:0.1253s ]
SQL: SHOW COLUMNS FROM `tpt_links` [ RunTime:0.0627s ]
SQL: SELECT * FROM `tpt_links`  [ RunTime:0.0619s ]
SQL: SHOW COLUMNS FROM `tpt_conf` [ RunTime:0.0626s ]
SQL: SELECT * FROM `tpt_conf` WHERE `id` = 1 LIMIT 1   [ RunTime:0.0622s ]
SQL: SHOW COLUMNS FROM `tpt_banner` [ RunTime:0.0629s ]
SQL: SELECT * FROM `tpt_banner` WHERE `id` = 1 LIMIT 1   [ RunTime:0.0628s ]
SQL: SHOW COLUMNS FROM `tpt_article` [ RunTime:0.0630s ]
SQL: SHOW COLUMNS FROM `tpt_category` [ RunTime:0.0643s ]
SQL: SELECT COUNT(*) AS tp_count FROM tpt_article article LEFT JOIN tpt_category category ON article.tid=category.id LIMIT 1   [ RunTime:0.0626s ]
SQL: SELECT article.id AS id,article.title AS title,article.author AS author,article.view AS view,article.description AS description,article.keywords AS keywords,article.pic AS pic,article.commend AS commend,article.choice AS choice,article.time AS time,article.open AS open,category.name AS name,category.type AS type FROM tpt_article article LEFT JOIN tpt_category category ON article.tid=category.id WHERE article.open = 1 ORDER BY article.commend DESC,article.time DESC LIMIT 0,15   [ RunTime:0.0654s ]
INFO: [ view_parse ] --START--
INFO: [ template_filter ] --START--
INFO: Run Behavior\ContentReplaceBehavior [ RunTime:0.000080s ]
INFO: [ template_filter ] --END-- [ RunTime:0.000119s ]
NOTIC: [8] Undefined index: title D:\phpStudy\WWW\tpBlog\Runtime\Cache\Home\aa448f930e00a2c77d5751c6f186e91a.php 第 25 行.
NOTIC: [8] Use of undefined constant commend - assumed 'commend' D:\phpStudy\WWW\tpBlog\Runtime\Cache\Home\aa448f930e00a2c77d5751c6f186e91a.php 第 93 行.
NOTIC: [8] Use of undefined constant pic - assumed 'pic' D:\phpStudy\WWW\tpBlog\Runtime\Cache\Home\aa448f930e00a2c77d5751c6f186e91a.php 第 98 行.
NOTIC: [8] Use of undefined constant commend - assumed 'commend' D:\phpStudy\WWW\tpBlog\Runtime\Cache\Home\aa448f930e00a2c77d5751c6f186e91a.php 第 93 行.
NOTIC: [8] Use of undefined constant pic - assumed 'pic' D:\phpStudy\WWW\tpBlog\Runtime\Cache\Home\aa448f930e00a2c77d5751c6f186e91a.php 第 98 行.
NOTIC: [8] Use of undefined constant commend - assumed 'commend' D:\phpStudy\WWW\tpBlog\Runtime\Cache\Home\aa448f930e00a2c77d5751c6f186e91a.php 第 93 行.
NOTIC: [8] Use of undefined constant pic - assumed 'pic' D:\phpStudy\WWW\tpBlog\Runtime\Cache\Home\aa448f930e00a2c77d5751c6f186e91a.php 第 98 行.
NOTIC: [8] Use of undefined constant pic - assumed 'pic' D:\phpStudy\WWW\tpBlog\Runtime\Cache\Home\aa448f930e00a2c77d5751c6f186e91a.php 第 147 行.
NOTIC: [8] Use of undefined constant pic - assumed 'pic' D:\phpStudy\WWW\tpBlog\Runtime\Cache\Home\aa448f930e00a2c77d5751c6f186e91a.php 第 147 行.
NOTIC: [8] Use of undefined constant pic - assumed 'pic' D:\phpStudy\WWW\tpBlog\Runtime\Cache\Home\aa448f930e00a2c77d5751c6f186e91a.php 第 147 行.
INFO: Run Behavior\ParseTemplateBehavior [ RunTime:0.017005s ]
INFO: [ view_parse ] --END-- [ RunTime:0.017133s ]
INFO: [ view_filter ] --START--
INFO: Run Behavior\WriteHtmlCacheBehavior [ RunTime:0.001050s ]
INFO: [ view_filter ] --END-- [ RunTime:0.001153s ]
INFO: [ app_end ] --START--
INFO: Run Behavior\ShowPageTraceBehavior [ RunTime:0.002636s ]
INFO: [ app_end ] --END-- [ RunTime:0.002849s ]

[ 2017-10-23T11:20:22+08:00 ] 127.0.0.1 /index.html
INFO: [ app_init ] --START--
INFO: Run Behavior\BuildLiteBehavior [ RunTime:0.000013s ]
INFO: [ app_init ] --END-- [ RunTime:0.000395s ]
INFO: [ app_begin ] --START--
INFO: Run Behavior\ReadHtmlCacheBehavior [ RunTime:0.000883s ]
INFO: [ app_begin ] --END-- [ RunTime:0.000963s ]
SQL: SHOW COLUMNS FROM `tpt_navtop` [ RunTime:0.1072s ]
SQL: SELECT * FROM `tpt_navtop` WHERE ( tid = 0 ) ORDER BY sort ASC  [ RunTime:0.0857s ]
SQL: SELECT * FROM `tpt_navtop` WHERE ( tid != 0 ) ORDER BY sort ASC  [ RunTime:0.0869s ]
SQL: SHOW COLUMNS FROM `tpt_article` [ RunTime:0.1158s ]
SQL: SELECT * FROM `tpt_article` WHERE `commend` = 1 AND `open` = 1 ORDER BY id DESC LIMIT 3   [ RunTime:0.1033s ]
SQL: SELECT * FROM `tpt_article` WHERE `choice` = 1 AND `open` = 1 ORDER BY id DESC LIMIT 5   [ RunTime:0.2210s ]
SQL: SHOW COLUMNS FROM `tpt_links` [ RunTime:0.1047s ]
SQL: SELECT * FROM `tpt_links`  [ RunTime:0.0957s ]
SQL: SHOW COLUMNS FROM `tpt_conf` [ RunTime:0.0685s ]
SQL: SELECT * FROM `tpt_conf` WHERE `id` = 1 LIMIT 1   [ RunTime:0.0689s ]
SQL: SHOW COLUMNS FROM `tpt_banner` [ RunTime:0.0703s ]
SQL: SELECT * FROM `tpt_banner` WHERE `id` = 1 LIMIT 1   [ RunTime:0.0698s ]
SQL: SHOW COLUMNS FROM `tpt_article` [ RunTime:0.0749s ]
SQL: SHOW COLUMNS FROM `tpt_category` [ RunTime:0.0718s ]
SQL: SELECT COUNT(*) AS tp_count FROM tpt_article article LEFT JOIN tpt_category category ON article.tid=category.id LIMIT 1   [ RunTime:0.0795s ]
SQL: SELECT article.id AS id,article.title AS title,article.author AS author,article.view AS view,article.description AS description,article.keywords AS keywords,article.pic AS pic,article.commend AS commend,article.choice AS choice,article.time AS time,article.open AS open,category.name AS name,category.type AS type FROM tpt_article article LEFT JOIN tpt_category category ON article.tid=category.id WHERE article.open = 1 ORDER BY article.commend DESC,article.time DESC LIMIT 0,15   [ RunTime:0.0718s ]
INFO: [ view_parse ] --START--
INFO: [ template_filter ] --START--
INFO: Run Behavior\ContentReplaceBehavior [ RunTime:0.000128s ]
INFO: [ template_filter ] --END-- [ RunTime:0.000208s ]
NOTIC: [8] Undefined index: title D:\phpStudy\WWW\tpBlog\Runtime\Cache\Home\aa448f930e00a2c77d5751c6f186e91a.php 第 25 行.
NOTIC: [8] Use of undefined constant commend - assumed 'commend' D:\phpStudy\WWW\tpBlog\Runtime\Cache\Home\aa448f930e00a2c77d5751c6f186e91a.php 第 93 行.
NOTIC: [8] Use of undefined constant pic - assumed 'pic' D:\phpStudy\WWW\tpBlog\Runtime\Cache\Home\aa448f930e00a2c77d5751c6f186e91a.php 第 98 行.
NOTIC: [8] Use of undefined constant commend - assumed 'commend' D:\phpStudy\WWW\tpBlog\Runtime\Cache\Home\aa448f930e00a2c77d5751c6f186e91a.php 第 93 行.
NOTIC: [8] Use of undefined constant pic - assumed 'pic' D:\phpStudy\WWW\tpBlog\Runtime\Cache\Home\aa448f930e00a2c77d5751c6f186e91a.php 第 98 行.
NOTIC: [8] Use of undefined constant commend - assumed 'commend' D:\phpStudy\WWW\tpBlog\Runtime\Cache\Home\aa448f930e00a2c77d5751c6f186e91a.php 第 93 行.
NOTIC: [8] Use of undefined constant pic - assumed 'pic' D:\phpStudy\WWW\tpBlog\Runtime\Cache\Home\aa448f930e00a2c77d5751c6f186e91a.php 第 98 行.
NOTIC: [8] Use of undefined constant pic - assumed 'pic' D:\phpStudy\WWW\tpBlog\Runtime\Cache\Home\aa448f930e00a2c77d5751c6f186e91a.php 第 147 行.
NOTIC: [8] Use of undefined constant pic - assumed 'pic' D:\phpStudy\WWW\tpBlog\Runtime\Cache\Home\aa448f930e00a2c77d5751c6f186e91a.php 第 147 行.
NOTIC: [8] Use of undefined constant pic - assumed 'pic' D:\phpStudy\WWW\tpBlog\Runtime\Cache\Home\aa448f930e00a2c77d5751c6f186e91a.php 第 147 行.
INFO: Run Behavior\ParseTemplateBehavior [ RunTime:0.015471s ]
INFO: [ view_parse ] --END-- [ RunTime:0.015510s ]
INFO: [ view_filter ] --START--
INFO: Run Behavior\WriteHtmlCacheBehavior [ RunTime:0.000409s ]
INFO: [ view_filter ] --END-- [ RunTime:0.000440s ]
INFO: [ app_end ] --START--
INFO: Run Behavior\ShowPageTraceBehavior [ RunTime:0.000642s ]
INFO: [ app_end ] --END-- [ RunTime:0.000682s ]

[ 2017-10-23T11:20:39+08:00 ] 127.0.0.1 /
INFO: [ app_init ] --START--
INFO: Run Behavior\BuildLiteBehavior [ RunTime:0.000010s ]
INFO: [ app_init ] --END-- [ RunTime:0.000449s ]
INFO: [ app_begin ] --START--
INFO: Run Behavior\ReadHtmlCacheBehavior [ RunTime:0.000656s ]
INFO: [ app_begin ] --END-- [ RunTime:0.000705s ]
SQL: SHOW COLUMNS FROM `tpt_navtop` [ RunTime:0.0636s ]
SQL: SELECT * FROM `tpt_navtop` WHERE ( tid = 0 ) ORDER BY sort ASC  [ RunTime:0.0626s ]
SQL: SELECT * FROM `tpt_navtop` WHERE ( tid != 0 ) ORDER BY sort ASC  [ RunTime:0.0627s ]
SQL: SHOW COLUMNS FROM `tpt_article` [ RunTime:0.0636s ]
SQL: SELECT * FROM `tpt_article` WHERE `commend` = 1 AND `open` = 1 ORDER BY id DESC LIMIT 3   [ RunTime:0.0644s ]
SQL: SELECT * FROM `tpt_article` WHERE `choice` = 1 AND `open` = 1 ORDER BY id DESC LIMIT 5   [ RunTime:0.1259s ]
SQL: SHOW COLUMNS FROM `tpt_links` [ RunTime:0.0629s ]
SQL: SELECT * FROM `tpt_links`  [ RunTime:0.0625s ]
SQL: SHOW COLUMNS FROM `tpt_conf` [ RunTime:0.0631s ]
SQL: SELECT * FROM `tpt_conf` WHERE `id` = 1 LIMIT 1   [ RunTime:0.0626s ]
SQL: SHOW COLUMNS FROM `tpt_banner` [ RunTime:0.0632s ]
SQL: SELECT * FROM `tpt_banner` WHERE `id` = 1 LIMIT 1   [ RunTime:0.0627s ]
SQL: SHOW COLUMNS FROM `tpt_article` [ RunTime:0.0633s ]
SQL: SHOW COLUMNS FROM `tpt_category` [ RunTime:0.0629s ]
SQL: SELECT COUNT(*) AS tp_count FROM tpt_article article LEFT JOIN tpt_category category ON article.tid=category.id LIMIT 1   [ RunTime:0.0623s ]
SQL: SELECT article.id AS id,article.title AS title,article.author AS author,article.view AS view,article.description AS description,article.keywords AS keywords,article.pic AS pic,article.commend AS commend,article.choice AS choice,article.time AS time,article.open AS open,category.name AS name,category.type AS type FROM tpt_article article LEFT JOIN tpt_category category ON article.tid=category.id WHERE article.open = 1 ORDER BY article.commend DESC,article.time DESC LIMIT 0,15   [ RunTime:0.0632s ]
INFO: [ view_parse ] --START--
INFO: [ template_filter ] --START--
INFO: Run Behavior\ContentReplaceBehavior [ RunTime:0.000115s ]
INFO: [ template_filter ] --END-- [ RunTime:0.000150s ]
NOTIC: [8] Undefined index: title D:\phpStudy\WWW\tpBlog\Runtime\Cache\Home\aa448f930e00a2c77d5751c6f186e91a.php 第 25 行.
NOTIC: [8] Use of undefined constant commend - assumed 'commend' D:\phpStudy\WWW\tpBlog\Runtime\Cache\Home\aa448f930e00a2c77d5751c6f186e91a.php 第 93 行.
NOTIC: [8] Use of undefined constant pic - assumed 'pic' D:\phpStudy\WWW\tpBlog\Runtime\Cache\Home\aa448f930e00a2c77d5751c6f186e91a.php 第 98 行.
NOTIC: [8] Use of undefined constant commend - assumed 'commend' D:\phpStudy\WWW\tpBlog\Runtime\Cache\Home\aa448f930e00a2c77d5751c6f186e91a.php 第 93 行.
NOTIC: [8] Use of undefined constant pic - assumed 'pic' D:\phpStudy\WWW\tpBlog\Runtime\Cache\Home\aa448f930e00a2c77d5751c6f186e91a.php 第 98 行.
NOTIC: [8] Use of undefined constant commend - assumed 'commend' D:\phpStudy\WWW\tpBlog\Runtime\Cache\Home\aa448f930e00a2c77d5751c6f186e91a.php 第 93 行.
NOTIC: [8] Use of undefined constant pic - assumed 'pic' D:\phpStudy\WWW\tpBlog\Runtime\Cache\Home\aa448f930e00a2c77d5751c6f186e91a.php 第 98 行.
NOTIC: [8] Use of undefined constant pic - assumed 'pic' D:\phpStudy\WWW\tpBlog\Runtime\Cache\Home\aa448f930e00a2c77d5751c6f186e91a.php 第 147 行.
NOTIC: [8] Use of undefined constant pic - assumed 'pic' D:\phpStudy\WWW\tpBlog\Runtime\Cache\Home\aa448f930e00a2c77d5751c6f186e91a.php 第 147 行.
NOTIC: [8] Use of undefined constant pic - assumed 'pic' D:\phpStudy\WWW\tpBlog\Runtime\Cache\Home\aa448f930e00a2c77d5751c6f186e91a.php 第 147 行.
INFO: Run Behavior\ParseTemplateBehavior [ RunTime:0.014857s ]
INFO: [ view_parse ] --END-- [ RunTime:0.014896s ]
INFO: [ view_filter ] --START--
INFO: Run Behavior\WriteHtmlCacheBehavior [ RunTime:0.000498s ]
INFO: [ view_filter ] --END-- [ RunTime:0.000527s ]
INFO: [ app_end ] --START--
INFO: Run Behavior\ShowPageTraceBehavior [ RunTime:0.000778s ]
INFO: [ app_end ] --END-- [ RunTime:0.000814s ]

[ 2017-10-23T11:21:24+08:00 ] 127.0.0.1 /index.php
INFO: [ app_init ] --START--
INFO: Run Behavior\BuildLiteBehavior [ RunTime:0.000011s ]
INFO: [ app_init ] --END-- [ RunTime:0.000482s ]
INFO: [ app_begin ] --START--
INFO: Run Behavior\ReadHtmlCacheBehavior [ RunTime:0.000511s ]
INFO: [ app_begin ] --END-- [ RunTime:0.000552s ]
SQL: SHOW COLUMNS FROM `tpt_navtop` [ RunTime:0.0657s ]
SQL: SELECT * FROM `tpt_navtop` WHERE ( tid = 0 ) ORDER BY sort ASC  [ RunTime:0.0653s ]
SQL: SELECT * FROM `tpt_navtop` WHERE ( tid != 0 ) ORDER BY sort ASC  [ RunTime:0.0654s ]
SQL: SHOW COLUMNS FROM `tpt_article` [ RunTime:0.0659s ]
SQL: SELECT * FROM `tpt_article` WHERE `commend` = 1 AND `open` = 1 ORDER BY id DESC LIMIT 3   [ RunTime:0.0672s ]
SQL: SELECT * FROM `tpt_article` WHERE `choice` = 1 AND `open` = 1 ORDER BY id DESC LIMIT 5   [ RunTime:0.1313s ]
SQL: SHOW COLUMNS FROM `tpt_links` [ RunTime:0.0656s ]
SQL: SELECT * FROM `tpt_links`  [ RunTime:0.0651s ]
SQL: SHOW COLUMNS FROM `tpt_conf` [ RunTime:0.0657s ]
SQL: SELECT * FROM `tpt_conf` WHERE `id` = 1 LIMIT 1   [ RunTime:0.0653s ]
SQL: SHOW COLUMNS FROM `tpt_banner` [ RunTime:0.0655s ]
SQL: SELECT * FROM `tpt_banner` WHERE `id` = 1 LIMIT 1   [ RunTime:0.0660s ]
SQL: SHOW COLUMNS FROM `tpt_article` [ RunTime:0.0658s ]
SQL: SHOW COLUMNS FROM `tpt_category` [ RunTime:0.0659s ]
SQL: SELECT COUNT(*) AS tp_count FROM tpt_article article LEFT JOIN tpt_category category ON article.tid=category.id LIMIT 1   [ RunTime:0.0650s ]
SQL: SELECT article.id AS id,article.title AS title,article.author AS author,article.view AS view,article.description AS description,article.keywords AS keywords,article.pic AS pic,article.commend AS commend,article.choice AS choice,article.time AS time,article.open AS open,category.name AS name,category.type AS type FROM tpt_article article LEFT JOIN tpt_category category ON article.tid=category.id WHERE article.open = 1 ORDER BY article.commend DESC,article.time DESC LIMIT 0,15   [ RunTime:0.0657s ]
INFO: [ view_parse ] --START--
INFO: [ template_filter ] --START--
INFO: Run Behavior\ContentReplaceBehavior [ RunTime:0.000095s ]
INFO: [ template_filter ] --END-- [ RunTime:0.000142s ]
NOTIC: [8] Undefined index: title D:\phpStudy\WWW\tpBlog\Runtime\Cache\Home\aa448f930e00a2c77d5751c6f186e91a.php 第 25 行.
NOTIC: [8] Use of undefined constant commend - assumed 'commend' D:\phpStudy\WWW\tpBlog\Runtime\Cache\Home\aa448f930e00a2c77d5751c6f186e91a.php 第 93 行.
NOTIC: [8] Use of undefined constant pic - assumed 'pic' D:\phpStudy\WWW\tpBlog\Runtime\Cache\Home\aa448f930e00a2c77d5751c6f186e91a.php 第 98 行.
NOTIC: [8] Use of undefined constant commend - assumed 'commend' D:\phpStudy\WWW\tpBlog\Runtime\Cache\Home\aa448f930e00a2c77d5751c6f186e91a.php 第 93 行.
NOTIC: [8] Use of undefined constant pic - assumed 'pic' D:\phpStudy\WWW\tpBlog\Runtime\Cache\Home\aa448f930e00a2c77d5751c6f186e91a.php 第 98 行.
NOTIC: [8] Use of undefined constant commend - assumed 'commend' D:\phpStudy\WWW\tpBlog\Runtime\Cache\Home\aa448f930e00a2c77d5751c6f186e91a.php 第 93 行.
NOTIC: [8] Use of undefined constant pic - assumed 'pic' D:\phpStudy\WWW\tpBlog\Runtime\Cache\Home\aa448f930e00a2c77d5751c6f186e91a.php 第 98 行.
NOTIC: [8] Use of undefined constant pic - assumed 'pic' D:\phpStudy\WWW\tpBlog\Runtime\Cache\Home\aa448f930e00a2c77d5751c6f186e91a.php 第 147 行.
NOTIC: [8] Use of undefined constant pic - assumed 'pic' D:\phpStudy\WWW\tpBlog\Runtime\Cache\Home\aa448f930e00a2c77d5751c6f186e91a.php 第 147 行.
NOTIC: [8] Use of undefined constant pic - assumed 'pic' D:\phpStudy\WWW\tpBlog\Runtime\Cache\Home\aa448f930e00a2c77d5751c6f186e91a.php 第 147 行.
INFO: Run Behavior\ParseTemplateBehavior [ RunTime:0.015965s ]
INFO: [ view_parse ] --END-- [ RunTime:0.016011s ]
INFO: [ view_filter ] --START--
INFO: Run Behavior\WriteHtmlCacheBehavior [ RunTime:0.000506s ]
INFO: [ view_filter ] --END-- [ RunTime:0.000546s ]
INFO: [ app_end ] --START--
INFO: Run Behavior\ShowPageTraceBehavior [ RunTime:0.000600s ]
INFO: [ app_end ] --END-- [ RunTime:0.000645s ]

[ 2017-10-23T12:51:49+08:00 ] 127.0.0.1 /www.yoho167.com
ERR: 无法加载控制器:Www.yoho167.com

