[ 2017-10-26T14:31:54+08:00 ] 127.0.0.1 /admin.php
INFO: [ app_init ] --START--
INFO: Run Behavior\BuildLiteBehavior [ RunTime:0.000010s ]
INFO: [ app_init ] --END-- [ RunTime:0.000365s ]
INFO: [ app_begin ] --START--
INFO: Run Behavior\ReadHtmlCacheBehavior [ RunTime:0.000605s ]
INFO: [ app_begin ] --END-- [ RunTime:0.000663s ]
SQL: SHOW COLUMNS FROM `tpt_member` [ RunTime:0.0050s ]
NOTIC: [8] Undefined index: username D:\phpStudy\WWW\tpBlog\Application\Admin\Controller\CommonController.class.php 第 10 行.
SQL: SELECT * FROM `tpt_member` WHERE ( username = '%s' ) LIMIT 1   [ RunTime:0.0006s ]
NOTIC: [8] Undefined index: username D:\phpStudy\WWW\tpBlog\Application\Admin\Controller\CommonController.class.php 第 11 行.
INFO: [ view_parse ] --START--
INFO: [ template_filter ] --START--
INFO: Run Behavior\ContentReplaceBehavior [ RunTime:0.000081s ]
INFO: [ template_filter ] --END-- [ RunTime:0.000117s ]
INFO: Run Behavior\ParseTemplateBehavior [ RunTime:0.017548s ]
INFO: [ view_parse ] --END-- [ RunTime:0.017632s ]
INFO: [ view_filter ] --START--
INFO: Run Behavior\WriteHtmlCacheBehavior [ RunTime:0.000489s ]
INFO: [ view_filter ] --END-- [ RunTime:0.000536s ]

[ 2017-10-26T14:31:55+08:00 ] 127.0.0.1 /admin.php?m=Admin&c=Login&a=index
INFO: [ app_init ] --START--
INFO: Run Behavior\BuildLiteBehavior [ RunTime:0.000012s ]
INFO: [ app_init ] --END-- [ RunTime:0.000457s ]
INFO: [ app_begin ] --START--
INFO: Run Behavior\ReadHtmlCacheBehavior [ RunTime:0.001616s ]
INFO: [ app_begin ] --END-- [ RunTime:0.001779s ]
INFO: [ view_parse ] --START--
INFO: [ template_filter ] --START--
INFO: Run Behavior\ContentReplaceBehavior [ RunTime:0.000038s ]
INFO: [ template_filter ] --END-- [ RunTime:0.000085s ]
INFO: Run Behavior\ParseTemplateBehavior [ RunTime:0.018890s ]
INFO: [ view_parse ] --END-- [ RunTime:0.019004s ]
INFO: [ view_filter ] --START--
INFO: Run Behavior\WriteHtmlCacheBehavior [ RunTime:0.000482s ]
INFO: [ view_filter ] --END-- [ RunTime:0.000517s ]
INFO: [ app_end ] --START--
INFO: Run Behavior\ShowPageTraceBehavior [ RunTime:0.000719s ]
INFO: [ app_end ] --END-- [ RunTime:0.000768s ]

[ 2017-10-26T14:32:05+08:00 ] 127.0.0.1 /admin.php?m=Admin&c=Login&a=checklogin
INFO: [ app_init ] --START--
INFO: Run Behavior\BuildLiteBehavior [ RunTime:0.000010s ]
INFO: [ app_init ] --END-- [ RunTime:0.000444s ]
INFO: [ app_begin ] --START--
INFO: Run Behavior\ReadHtmlCacheBehavior [ RunTime:0.000490s ]
INFO: [ app_begin ] --END-- [ RunTime:0.000529s ]
SQL: SHOW COLUMNS FROM `tpt_member` [ RunTime:0.0069s ]
SQL: SELECT * FROM `tpt_member` WHERE ( username='admin' AND password='21232f297a57a5a743894a0e4a801fc3' AND kouling='123456' ) LIMIT 1   [ RunTime:0.0004s ]
INFO: [ view_parse ] --START--
INFO: [ template_filter ] --START--
INFO: Run Behavior\ContentReplaceBehavior [ RunTime:0.000088s ]
INFO: [ template_filter ] --END-- [ RunTime:0.000128s ]
INFO: Run Behavior\ParseTemplateBehavior [ RunTime:0.007233s ]
INFO: [ view_parse ] --END-- [ RunTime:0.007296s ]
INFO: [ view_filter ] --START--
INFO: Run Behavior\WriteHtmlCacheBehavior [ RunTime:0.000308s ]
INFO: [ view_filter ] --END-- [ RunTime:0.000340s ]
INFO: [ app_end ] --START--
INFO: Run Behavior\ShowPageTraceBehavior [ RunTime:0.000703s ]
INFO: [ app_end ] --END-- [ RunTime:0.000762s ]

[ 2017-10-26T14:32:06+08:00 ] 127.0.0.1 /admin.php?m=Admin&c=Index&a=index
INFO: [ app_init ] --START--
INFO: Run Behavior\BuildLiteBehavior [ RunTime:0.000011s ]
INFO: [ app_init ] --END-- [ RunTime:0.000798s ]
INFO: [ app_begin ] --START--
INFO: Run Behavior\ReadHtmlCacheBehavior [ RunTime:0.000523s ]
INFO: [ app_begin ] --END-- [ RunTime:0.000577s ]
SQL: SHOW COLUMNS FROM `tpt_member` [ RunTime:0.0087s ]
SQL: SELECT * FROM `tpt_member` WHERE ( username = 'admin' ) LIMIT 1   [ RunTime:0.0004s ]
INFO: [ view_parse ] --START--
INFO: [ template_filter ] --START--
INFO: Run Behavior\ContentReplaceBehavior [ RunTime:0.000078s ]
INFO: [ template_filter ] --END-- [ RunTime:0.000153s ]
INFO: Run Behavior\ParseTemplateBehavior [ RunTime:0.051068s ]
INFO: [ view_parse ] --END-- [ RunTime:0.051474s ]
INFO: [ view_filter ] --START--
INFO: Run Behavior\WriteHtmlCacheBehavior [ RunTime:0.001494s ]
INFO: [ view_filter ] --END-- [ RunTime:0.001575s ]
INFO: [ app_end ] --START--
INFO: Run Behavior\ShowPageTraceBehavior [ RunTime:0.001171s ]
INFO: [ app_end ] --END-- [ RunTime:0.001279s ]

[ 2017-10-26T14:32:09+08:00 ] 127.0.0.1 /admin.php?m=Admin&c=conf&a=index
INFO: [ app_init ] --START--
INFO: Run Behavior\BuildLiteBehavior [ RunTime:0.000012s ]
INFO: [ app_init ] --END-- [ RunTime:0.000530s ]
INFO: [ app_begin ] --START--
INFO: Run Behavior\ReadHtmlCacheBehavior [ RunTime:0.000563s ]
INFO: [ app_begin ] --END-- [ RunTime:0.000609s ]
SQL: SHOW COLUMNS FROM `tpt_member` [ RunTime:0.0123s ]
SQL: SELECT * FROM `tpt_member` WHERE ( username = 'admin' ) LIMIT 1   [ RunTime:0.0007s ]
SQL: SHOW COLUMNS FROM `tpt_conf` [ RunTime:0.0113s ]
SQL: SELECT * FROM `tpt_conf` WHERE `id` = 1 LIMIT 1   [ RunTime:0.0009s ]
INFO: [ view_parse ] --START--
INFO: [ template_filter ] --START--
INFO: Run Behavior\ContentReplaceBehavior [ RunTime:0.000122s ]
INFO: [ template_filter ] --END-- [ RunTime:0.000184s ]
NOTIC: [8] Use of undefined constant logo - assumed 'logo' D:\phpStudy\WWW\tpBlog\Runtime\Cache\Admin\2a753fa2a4d0e14acdb8b4c8491a00dd.php 第 100 行.
INFO: Run Behavior\ParseTemplateBehavior [ RunTime:0.031050s ]
INFO: [ view_parse ] --END-- [ RunTime:0.031169s ]
INFO: [ view_filter ] --START--
INFO: Run Behavior\WriteHtmlCacheBehavior [ RunTime:0.000611s ]
INFO: [ view_filter ] --END-- [ RunTime:0.000665s ]
INFO: [ app_end ] --START--
INFO: Run Behavior\ShowPageTraceBehavior [ RunTime:0.000768s ]
INFO: [ app_end ] --END-- [ RunTime:0.000831s ]

